#
# A fatal error has been detected by the Java Runtime Environment:
#
#  EXCEPTION_ACCESS_VIOLATION (0xc0000005) at pc=0x00007ffc94d5c9e6, pid=10488, tid=3564
#
# JRE version: OpenJDK Runtime Environment (11.0.10) (build 11.0.10+0-b96-7249189)
# Java VM: OpenJDK 64-Bit Server VM (11.0.10+0-b96-7249189, mixed mode, tiered, compressed oops, g1 gc, windows-amd64)
# Problematic frame:
# V  [jvm.dll+0x18c9e6]
#
# No core dump will be written. Minidumps are not enabled by default on client versions of Windows
#
# If you would like to submit a bug report, please visit:
#   https://bugreport.java.com/bugreport/crash.jsp
#

---------------  S U M M A R Y ------------

Command Line: --add-opens=java.base/java.util=ALL-UNNAMED --add-opens=java.base/java.lang=ALL-UNNAMED --add-opens=java.base/java.lang.invoke=ALL-UNNAMED --add-opens=java.base/java.util=ALL-UNNAMED --add-opens=java.prefs/java.util.prefs=ALL-UNNAMED --add-opens=java.prefs/java.util.prefs=ALL-UNNAMED --add-opens=java.base/java.nio.charset=ALL-UNNAMED --add-opens=java.base/java.net=ALL-UNNAMED --add-opens=java.base/java.util.concurrent.atomic=ALL-UNNAMED -Xmx2048m -Dfile.encoding=UTF-8 -Duser.country=IL -Duser.language=iw -Duser.variant org.gradle.launcher.daemon.bootstrap.GradleDaemon 7.0.2

Host: Intel(R) Core(TM) i5-1035G1 CPU @ 1.00GHz, 8 cores, 7G,  Windows 10 , 64 bit Build 19041 (10.0.19041.1202)
Time: Tue Oct 19 11:40:49 2021 שעון קיץ ירושלים elapsed time: 18.639658 seconds (0d 0h 0m 18s)

---------------  T H R E A D  ---------------

Current thread (0x000002066dd7a000):  ConcurrentGCThread "G1 Conc#0" [stack: 0x000000df46300000,0x000000df46400000] [id=3564]

Stack: [0x000000df46300000,0x000000df46400000],  sp=0x000000df463ff388,  free space=1020k
Native frames: (J=compiled Java code, j=interpreted, Vv=VM code, C=native code)
V  [jvm.dll+0x18c9e6]


siginfo: EXCEPTION_ACCESS_VIOLATION (0xc0000005), reading address 0x0000000000027930


Register to memory mapping:

RIP=0x00007ffc94d5c9e6 jvm.dll
RAX=0x0000000000000001 is an unknown value
RBX=0x0000000086131318 is pointing into object: [I 
{0x00000000861010b8} - klass: {type array int}
 - length: 55276
RCX=0x0000000086131318 is pointing into object: [I 
{0x00000000861010b8} - klass: {type array int}
 - length: 55276
RDX=0x0000000086131318 is pointing into object: [I 
{0x00000000861010b8} - klass: {type array int}
 - length: 55276
RSP=0x000000df463ff388 points into unknown readable memory: 0x00007ffc94eaa4ea | ea a4 ea 94 fc 7f 00 00
RBP=0x000002066dd6ed40 points into unknown readable memory: 0x000002066dd77800 | 00 78 d7 6d 06 02 00 00
RSI=0x0000000000000001 is an unknown value
RDI=0x0 is NULL
R8 =0x0 is NULL
R9 =0x0000000000027928 is an unknown value
R10=0x000002066dd6ed40 points into unknown readable memory: 0x000002066dd77800 | 00 78 d7 6d 06 02 00 00
R11=0x0000020672750000 points into unknown readable memory: 0x0005000440004001 | 01 40 00 40 04 00 05 00
R12=0x000000000000000c is an unknown value
R13=0xaaaaaaaaaaaaaaab is an unknown value
R14=0x0000000000000001 is an unknown value
R15=0x00000000861392c8 is an oop: java.util.LinkedHashMap$Entry 
{0x00000000861392c8} - klass: 'java/util/LinkedHashMap$Entry'


Registers:
RAX=0x0000000000000001, RBX=0x0000000086131318, RCX=0x0000000086131318, RDX=0x0000000086131318
RSP=0x000000df463ff388, RBP=0x000002066dd6ed40, RSI=0x0000000000000001, RDI=0x0000000000000000
R8 =0x0000000000000000, R9 =0x0000000000027928, R10=0x000002066dd6ed40, R11=0x0000020672750000
R12=0x000000000000000c, R13=0xaaaaaaaaaaaaaaab, R14=0x0000000000000001, R15=0x00000000861392c8
RIP=0x00007ffc94d5c9e6, EFLAGS=0x0000000000010206

Top of Stack: (sp=0x000000df463ff388)
0x000000df463ff388:   00007ffc94eaa4ea 0000000086131318
0x000000df463ff398:   0000000100038990 000002066dd802b0
0x000000df463ff3a8:   000000df463ff598 0000000100038998
0x000000df463ff3b8:   00007ffc94eaa396 0000000100038990
0x000000df463ff3c8:   0000000086131318 000002066dd802b0
0x000000df463ff3d8:   000000df463ff598 0000000000000000
0x000000df463ff3e8:   00007ffc951b702c 00000000861392ec
0x000000df463ff3f8:   00007ffc94ea21ed 0000000000000005
0x000000df463ff408:   00000000861392dc 0000000000000003
0x000000df463ff418:   000000df463ff598 000000df463ff570
0x000000df463ff428:   000002066dd7a601 0000000100038750
0x000000df463ff438:   00007ffc94ea1aa1 0000000000000005
0x000000df463ff448:   000000df463ff598 00000000861392c8
0x000000df463ff458:   0000000000000000 00000000861392c8
0x000000df463ff468:   00007ffc94eaffcf 000002066dd802b0
0x000000df463ff478:   0000000000c34a40 000000df463ff570 

Instructions: (pc=0x00007ffc94d5c9e6)
0x00007ffc94d5c8e6:   82 00 48 d3 e0 48 03 05 1e 22 82 00 eb 04 48 8b
0x00007ffc94d5c8f6:   43 08 81 78 08 00 00 00 c0 73 7d 48 8b 4f 38 48
0x00007ffc94d5c906:   8b d3 48 8b 01 ff 50 20 84 c0 75 6c 38 05 80 ac
0x00007ffc94d5c916:   86 00 74 15 8b 53 08 8b 0d f5 21 82 00 48 d3 e2
0x00007ffc94d5c926:   48 03 15 e3 21 82 00 eb 04 48 8b 53 08 48 8b cb
0x00007ffc94d5c936:   48 89 5c 24 20 e8 a0 00 00 00 80 7f 30 00 48 63
0x00007ffc94d5c946:   c8 48 89 4c 24 28 0f 28 44 24 20 74 17 0f 11 86
0x00007ffc94d5c956:   98 03 00 00 48 8b 5c 24 40 48 8b 74 24 48 48 83
0x00007ffc94d5c966:   c4 30 5f c3 48 8b 07 48 8d 54 24 20 48 8b cf 66
0x00007ffc94d5c976:   0f 7f 44 24 20 ff 50 38 48 8b 5c 24 40 48 8b 74
0x00007ffc94d5c986:   24 48 48 83 c4 30 5f c3 cc cc 48 8b 49 38 48 8b
0x00007ffc94d5c996:   01 48 ff 60 28 cc cc cc cc cc 80 3d f1 ab 86 00
0x00007ffc94d5c9a6:   00 48 8b c1 74 1b 8b 51 08 8b 0d 63 21 82 00 48
0x00007ffc94d5c9b6:   d3 e2 48 8b c8 48 03 15 4e 21 82 00 e9 19 00 00
0x00007ffc94d5c9c6:   00 48 8b 51 08 48 8b c8 e9 0d 00 00 00 cc cc cc
0x00007ffc94d5c9d6:   cc cc cc cc cc cc cc cc cc cc 4c 8b ca 48 8b d1
0x00007ffc94d5c9e6:   45 8b 41 08 45 85 c0 7e 0e 41 f6 c0 01 75 59 41
0x00007ffc94d5c9f6:   c1 f8 03 41 8b c0 c3 79 4f 80 3d 92 ab 86 00 00
0x00007ffc94d5ca06:   b8 0c 00 00 00 b9 10 00 00 00 0f 45 c8 8b 05 ab
0x00007ffc94d5ca16:   6c 80 00 ff c8 4c 63 c8 48 63 c1 41 8b c8 83 e1
0x00007ffc94d5ca26:   3f 48 63 14 10 41 8b c0 48 c1 f8 10 0f b6 c0 48
0x00007ffc94d5ca36:   d3 e2 49 8d 0c 11 49 f7 d1 48 03 c1 49 c1 e9 03
0x00007ffc94d5ca46:   48 c1 e8 03 41 23 c1 c3 49 8b 01 49 8b c9 48 ff
0x00007ffc94d5ca56:   a0 10 01 00 00 cc cc cc cc cc 48 83 ec 38 0f 10
0x00007ffc94d5ca66:   02 48 8b 49 38 48 8d 54 24 20 0f 29 44 24 20 e8
0x00007ffc94d5ca76:   56 f0 ff ff 48 83 c4 38 c3 cc 48 89 5c 24 08 55
0x00007ffc94d5ca86:   56 57 41 54 41 55 41 56 41 57 48 8d 6c 24 e0 48
0x00007ffc94d5ca96:   81 ec 20 01 00 00 48 8b 05 5d a5 83 00 48 33 c4
0x00007ffc94d5caa6:   48 89 45 10 48 8b 05 df 15 86 00 45 33 ed 4c 8b
0x00007ffc94d5cab6:   b5 80 00 00 00 4c 8b fa 48 8b bd 88 00 00 00 4d
0x00007ffc94d5cac6:   8b c6 49 8b d6 49 8b f1 48 8b 48 38 48 8b 59 48
0x00007ffc94d5cad6:   49 8b cf c7 45 c0 ff ff ff ff 44 89 6d d4 4c 89 


Stack slot to memory mapping:
stack at sp + 0 slots: 0x00007ffc94eaa4ea jvm.dll
stack at sp + 1 slots: 0x0000000086131318 is pointing into object: [I 
{0x00000000861010b8} - klass: {type array int}
 - length: 55276
stack at sp + 2 slots: 0x0000000100038990 is pointing into metadata
stack at sp + 3 slots: 0x000002066dd802b0 points into unknown readable memory: 0x00007ffc953eefa0 | a0 ef 3e 95 fc 7f 00 00
stack at sp + 4 slots: 0x000000df463ff598 points into unknown readable memory: 0x00007ffc953eef20 | 20 ef 3e 95 fc 7f 00 00
stack at sp + 5 slots: 0x0000000100038998 is a pointer to class: 
java.util.HashMap$TreeNode {0x00000001000389a0}
stack at sp + 6 slots: 0x00007ffc94eaa396 jvm.dll
stack at sp + 7 slots: 0x0000000100038990 is pointing into metadata


---------------  P R O C E S S  ---------------

Threads class SMR info:
_java_thread_list=0x0000020611a38820, length=62, elements={
0x000002066dd2e800, 0x0000020679194000, 0x0000020679195800, 0x00000206791af000,
0x00000206791b2800, 0x00000206791b4800, 0x00000206791b5800, 0x00000206791b7000,
0x00000206791bc000, 0x0000020679c75000, 0x000002067c25c800, 0x000002067bff2800,
0x000002067cc62800, 0x000002067bbd8000, 0x000002067b494800, 0x000002067c923000,
0x000002067b623000, 0x000002067b0e9800, 0x000002067b1cb000, 0x000002067c83e000,
0x000002067c844800, 0x000002067c842000, 0x000002067c83e800, 0x000002067d0e8800,
0x000002067c83f800, 0x000002067c840800, 0x000002067c843000, 0x000002067c841000,
0x000002067c843800, 0x000002067d656800, 0x000002067d658000, 0x000002067d659800,
0x000002067d65a800, 0x000002067d65b800, 0x000002067d65f800, 0x000002067d65c000,
0x000002067d660000, 0x000002067d661000, 0x000002067d662000, 0x000002067d65e800,
0x000002067d662800, 0x000002067d65d000, 0x000002067d663800, 0x000002067d65d800,
0x000002067d664000, 0x000002060f9ee800, 0x000002060f9ef800, 0x000002060f9ed800,
0x000002060f9f0000, 0x000002060f9f1000, 0x000002060f9eb000, 0x000002060f9ec000,
0x000002060f9ed000, 0x000002060f9f6800, 0x000002060f9f2800, 0x000002060f9f3800,
0x000002060f9f7800, 0x000002060f9f8800, 0x000002060f9f9000, 0x000002060f9fa000,
0x000002060f9f4000, 0x000002060f9f5000
}

Java Threads: ( => current thread )
  0x000002066dd2e800 JavaThread "main" [_thread_blocked, id=10512, stack(0x000000df46000000,0x000000df46100000)]
  0x0000020679194000 JavaThread "Reference Handler" daemon [_thread_blocked, id=508, stack(0x000000df46700000,0x000000df46800000)]
  0x0000020679195800 JavaThread "Finalizer" daemon [_thread_blocked, id=10344, stack(0x000000df46800000,0x000000df46900000)]
  0x00000206791af000 JavaThread "Signal Dispatcher" daemon [_thread_blocked, id=13624, stack(0x000000df46900000,0x000000df46a00000)]
  0x00000206791b2800 JavaThread "Attach Listener" daemon [_thread_blocked, id=4964, stack(0x000000df46a00000,0x000000df46b00000)]
  0x00000206791b4800 JavaThread "Service Thread" daemon [_thread_blocked, id=9232, stack(0x000000df46b00000,0x000000df46c00000)]
  0x00000206791b5800 JavaThread "C2 CompilerThread0" daemon [_thread_in_native, id=10484, stack(0x000000df46c00000,0x000000df46d00000)]
  0x00000206791b7000 JavaThread "C1 CompilerThread0" daemon [_thread_blocked, id=13096, stack(0x000000df46d00000,0x000000df46e00000)]
  0x00000206791bc000 JavaThread "Sweeper thread" daemon [_thread_blocked, id=4844, stack(0x000000df46e00000,0x000000df46f00000)]
  0x0000020679c75000 JavaThread "Common-Cleaner" daemon [_thread_blocked, id=10432, stack(0x000000df46f00000,0x000000df47000000)]
  0x000002067c25c800 JavaThread "Daemon health stats" [_thread_blocked, id=12852, stack(0x000000df47500000,0x000000df47600000)]
  0x000002067bff2800 JavaThread "Incoming local TCP Connector on port 55195" [_thread_in_native, id=2440, stack(0x000000df47100000,0x000000df47200000)]
  0x000002067cc62800 JavaThread "Daemon periodic checks" [_thread_blocked, id=1564, stack(0x000000df47200000,0x000000df47300000)]
  0x000002067bbd8000 JavaThread "Daemon" [_thread_blocked, id=9688, stack(0x000000df47600000,0x000000df47700000)]
  0x000002067b494800 JavaThread "Handler for socket connection from /127.0.0.1:55195 to /127.0.0.1:55196" [_thread_in_native, id=5624, stack(0x000000df47700000,0x000000df47800000)]
  0x000002067c923000 JavaThread "Cancel handler" [_thread_blocked, id=5572, stack(0x000000df47800000,0x000000df47900000)]
  0x000002067b623000 JavaThread "Daemon worker" [_thread_blocked, id=9612, stack(0x000000df47900000,0x000000df47a00000)]
  0x000002067b0e9800 JavaThread "Asynchronous log dispatcher for DefaultDaemonConnection: socket connection from /127.0.0.1:55195 to /127.0.0.1:55196" [_thread_blocked, id=5640, stack(0x000000df47a00000,0x000000df47b00000)]
  0x000002067b1cb000 JavaThread "Stdin handler" [_thread_blocked, id=8916, stack(0x000000df47b00000,0x000000df47c00000)]
  0x000002067c83e000 JavaThread "Daemon client event forwarder" [_thread_blocked, id=5540, stack(0x000000df47c00000,0x000000df47d00000)]
  0x000002067c844800 JavaThread "Cache worker for file hash cache (C:\Users\Dani1\.gradle\caches\7.0.2\fileHashes)" [_thread_blocked, id=11068, stack(0x000000df48200000,0x000000df48300000)]
  0x000002067c842000 JavaThread "File lock request listener" [_thread_in_native, id=2112, stack(0x000000df48300000,0x000000df48400000)]
  0x000002067c83e800 JavaThread "Cache worker for journal cache (C:\Users\Dani1\.gradle\caches\journal-1)" [_thread_blocked, id=448, stack(0x000000df48500000,0x000000df48600000)]
  0x000002067d0e8800 JavaThread "C2 CompilerThread1" daemon [_thread_in_native, id=3420, stack(0x000000df48600000,0x000000df48700000)]
  0x000002067c83f800 JavaThread "Cache worker for file hash cache (C:\Users\Dani1\AndroidStudioProjects\TopMovieDisplayer\.gradle\7.0.2\fileHashes)" [_thread_blocked, id=11976, stack(0x000000df48700000,0x000000df48800000)]
  0x000002067c840800 JavaThread "File watcher server" daemon [_thread_in_native, id=3992, stack(0x000000df48800000,0x000000df48900000)]
  0x000002067c843000 JavaThread "File watcher consumer" daemon [_thread_blocked, id=5972, stack(0x000000df48900000,0x000000df48a00000)]
  0x000002067c841000 JavaThread "Cache worker for checksums cache (C:\Users\Dani1\AndroidStudioProjects\TopMovieDisplayer\.gradle\checksums)" [_thread_blocked, id=10140, stack(0x000000df48a00000,0x000000df48b00000)]
  0x000002067c843800 JavaThread "Cache worker for cache directory md-supplier (C:\Users\Dani1\.gradle\caches\7.0.2\md-supplier)" [_thread_blocked, id=14092, stack(0x000000df48b00000,0x000000df48c00000)]
  0x000002067d656800 JavaThread "Cache worker for cache directory md-rule (C:\Users\Dani1\.gradle\caches\7.0.2\md-rule)" [_thread_blocked, id=2228, stack(0x000000df48c00000,0x000000df48d00000)]
  0x000002067d658000 JavaThread "Cache worker for execution history cache (C:\Users\Dani1\.gradle\caches\7.0.2\executionHistory)" [_thread_blocked, id=3020, stack(0x000000df48d00000,0x000000df48e00000)]
  0x000002067d659800 JavaThread "jar transforms" [_thread_blocked, id=3104, stack(0x000000df48f00000,0x000000df49000000)]
  0x000002067d65a800 JavaThread "jar transforms Thread 2" [_thread_blocked, id=6860, stack(0x000000df49000000,0x000000df49100000)]
  0x000002067d65b800 JavaThread "Cache worker for file content cache (C:\Users\Dani1\.gradle\caches\7.0.2\fileContent)" [_thread_blocked, id=10296, stack(0x000000df49100000,0x000000df49200000)]
  0x000002067d65f800 JavaThread "Cache worker for dependencies-accessors (C:\Users\Dani1\AndroidStudioProjects\TopMovieDisplayer\.gradle\7.0.2\dependencies-accessors)" [_thread_blocked, id=11920, stack(0x000000df49200000,0x000000df49300000)]
  0x000002067d65c000 JavaThread "jar transforms Thread 3" [_thread_blocked, id=6936, stack(0x000000df49300000,0x000000df49400000)]
  0x000002067d660000 JavaThread "Cache worker for Build Output Cleanup Cache (C:\Users\Dani1\AndroidStudioProjects\TopMovieDisplayer\.gradle\buildOutputCleanup)" [_thread_blocked, id=10012, stack(0x000000df49400000,0x000000df49500000)]
  0x000002067d661000 JavaThread "Build operations" [_thread_blocked, id=1948, stack(0x000000df49500000,0x000000df49600000)]
  0x000002067d662000 JavaThread "Build operations Thread 2" [_thread_blocked, id=11816, stack(0x000000df49600000,0x000000df49700000)]
  0x000002067d65e800 JavaThread "Build operations Thread 3" [_thread_blocked, id=8988, stack(0x000000df49700000,0x000000df49800000)]
  0x000002067d662800 JavaThread "Build operations Thread 4" [_thread_blocked, id=10204, stack(0x000000df49800000,0x000000df49900000)]
  0x000002067d65d000 JavaThread "Build operations Thread 5" [_thread_blocked, id=7508, stack(0x000000df49900000,0x000000df49a00000)]
  0x000002067d663800 JavaThread "Build operations Thread 6" [_thread_blocked, id=11740, stack(0x000000df49a00000,0x000000df49b00000)]
  0x000002067d65d800 JavaThread "Build operations Thread 7" [_thread_blocked, id=7148, stack(0x000000df49b00000,0x000000df49c00000)]
  0x000002067d664000 JavaThread "Build operations Thread 8" [_thread_blocked, id=10148, stack(0x000000df49c00000,0x000000df49d00000)]
  0x000002060f9ee800 JavaThread "jar transforms Thread 4" [_thread_blocked, id=6952, stack(0x000000df49d00000,0x000000df49e00000)]
  0x000002060f9ef800 JavaThread "jar transforms Thread 5" [_thread_blocked, id=3464, stack(0x000000df49e00000,0x000000df49f00000)]
  0x000002060f9ed800 JavaThread "jar transforms Thread 6" [_thread_blocked, id=8360, stack(0x000000df49f00000,0x000000df4a000000)]
  0x000002060f9f0000 JavaThread "jar transforms Thread 7" [_thread_blocked, id=12880, stack(0x000000df4a000000,0x000000df4a100000)]
  0x000002060f9f1000 JavaThread "jar transforms Thread 8" [_thread_blocked, id=6828, stack(0x000000df4a100000,0x000000df4a200000)]
  0x000002060f9eb000 JavaThread "Memory manager" [_thread_blocked, id=12032, stack(0x000000df48e00000,0x000000df48f00000)]
  0x000002060f9ec000 JavaThread "build event listener" [_thread_blocked, id=3872, stack(0x000000df4a200000,0x000000df4a300000)]
  0x000002060f9ed000 JavaThread "Execution worker for ':'" [_thread_blocked, id=10592, stack(0x000000df4a300000,0x000000df4a400000)]
  0x000002060f9f6800 JavaThread "Execution worker for ':' Thread 2" [_thread_blocked, id=8432, stack(0x000000df4a400000,0x000000df4a500000)]
  0x000002060f9f2800 JavaThread "Execution worker for ':' Thread 3" [_thread_blocked, id=1452, stack(0x000000df4a500000,0x000000df4a600000)]
  0x000002060f9f3800 JavaThread "Execution worker for ':' Thread 4" [_thread_in_native, id=3004, stack(0x000000df4a600000,0x000000df4a700000)]
  0x000002060f9f7800 JavaThread "Execution worker for ':' Thread 5" [_thread_blocked, id=14192, stack(0x000000df4a700000,0x000000df4a800000)]
  0x000002060f9f8800 JavaThread "Execution worker for ':' Thread 6" [_thread_blocked, id=1524, stack(0x000000df4a800000,0x000000df4a900000)]
  0x000002060f9f9000 JavaThread "Execution worker for ':' Thread 7" [_thread_blocked, id=4360, stack(0x000000df4a900000,0x000000df4aa00000)]
  0x000002060f9fa000 JavaThread "Cache worker for execution history cache (C:\Users\Dani1\AndroidStudioProjects\TopMovieDisplayer\.gradle\7.0.2\executionHistory)" [_thread_blocked, id=9832, stack(0x000000df4aa00000,0x000000df4ab00000)]
  0x000002060f9f4000 JavaThread "WorkerExecutor Queue" [_thread_blocked, id=10940, stack(0x000000df4ab00000,0x000000df4ac00000)]
  0x000002060f9f5000 JavaThread "WorkerExecutor Queue Thread 2" [_thread_blocked, id=13956, stack(0x000000df4ac00000,0x000000df4ad00000)]

Other Threads:
  0x000002067918f000 VMThread "VM Thread" [stack: 0x000000df46600000,0x000000df46700000] [id=1396]
  0x0000020679ca0800 WatcherThread [stack: 0x000000df47000000,0x000000df47100000] [id=12216]
  0x000002066dd46800 GCTaskThread "GC Thread#0" [stack: 0x000000df46100000,0x000000df46200000] [id=880]
  0x000002067a8b1800 GCTaskThread "GC Thread#1" [stack: 0x000000df47300000,0x000000df47400000] [id=5128]
  0x000002067a727000 GCTaskThread "GC Thread#2" [stack: 0x000000df47400000,0x000000df47500000] [id=9476]
  0x000002067c34d800 GCTaskThread "GC Thread#3" [stack: 0x000000df47d00000,0x000000df47e00000] [id=3436]
  0x000002067c350000 GCTaskThread "GC Thread#4" [stack: 0x000000df47e00000,0x000000df47f00000] [id=12800]
  0x000002067c34d000 GCTaskThread "GC Thread#5" [stack: 0x000000df47f00000,0x000000df48000000] [id=11808]
  0x000002067c34e800 GCTaskThread "GC Thread#6" [stack: 0x000000df48000000,0x000000df48100000] [id=10472]
  0x000002067c34f000 GCTaskThread "GC Thread#7" [stack: 0x000000df48100000,0x000000df48200000] [id=2320]
  0x000002066dd77800 ConcurrentGCThread "G1 Main Marker" [stack: 0x000000df46200000,0x000000df46300000] [id=13404]
=>0x000002066dd7a000 ConcurrentGCThread "G1 Conc#0" [stack: 0x000000df46300000,0x000000df46400000] [id=3564]
  0x000002067c584800 ConcurrentGCThread "G1 Conc#1" [stack: 0x000000df48400000,0x000000df48500000] [id=8400]
  0x000002066de05000 ConcurrentGCThread "G1 Refine#0" [stack: 0x000000df46400000,0x000000df46500000] [id=12608]
  0x0000020678fe0800 ConcurrentGCThread "G1 Young RemSet Sampling" [stack: 0x000000df46500000,0x000000df46600000] [id=7468]

Threads with active compile tasks:
C2 CompilerThread0  18677 10727       4       sun.nio.fs.WindowsPathParser::parse (384 bytes)

VM state:not at safepoint (normal execution)

VM Mutex/Monitor currently owned by a thread: None

Heap address: 0x0000000080000000, size: 2048 MB, Compressed Oops mode: 32-bit
Narrow klass base: 0x0000000000000000, Narrow klass shift: 3
Compressed class space size: 1073741824 Address: 0x0000000100000000

Heap:
 garbage-first heap   total 155648K, used 99947K [0x0000000080000000, 0x0000000100000000)
  region size 1024K, 3 young (3072K), 1 survivors (1024K)
 Metaspace       used 86040K, capacity 88107K, committed 88832K, reserved 1126400K
  class space    used 11050K, capacity 11805K, committed 12032K, reserved 1048576K
Heap Regions: E=young(eden), S=young(survivor), O=old, HS=humongous(starts), HC=humongous(continues), CS=collection set, F=free, A=archive, TAMS=top-at-mark-start (previous, next)
|   0|0x0000000080000000, 0x0000000080100000, 0x0000000080100000|100%| O|  |TAMS 0x0000000080100000, 0x0000000080100000| Untracked 
|   1|0x0000000080100000, 0x0000000080200000, 0x0000000080200000|100%| O|  |TAMS 0x0000000080200000, 0x0000000080200000| Untracked 
|   2|0x0000000080200000, 0x0000000080300000, 0x0000000080300000|100%| O|  |TAMS 0x0000000080300000, 0x0000000080300000| Untracked 
|   3|0x0000000080300000, 0x0000000080400000, 0x0000000080400000|100%|HS|  |TAMS 0x0000000080400000, 0x0000000080400000| Complete 
|   4|0x0000000080400000, 0x0000000080500000, 0x0000000080500000|100%|HC|  |TAMS 0x0000000080500000, 0x0000000080500000| Complete 
|   5|0x0000000080500000, 0x0000000080600000, 0x0000000080600000|100%|HC|  |TAMS 0x0000000080600000, 0x0000000080600000| Complete 
|   6|0x0000000080600000, 0x0000000080700000, 0x0000000080700000|100%| O|  |TAMS 0x0000000080700000, 0x0000000080700000| Untracked 
|   7|0x0000000080700000, 0x0000000080800000, 0x0000000080800000|100%| O|  |TAMS 0x0000000080800000, 0x0000000080800000| Untracked 
|   8|0x0000000080800000, 0x0000000080900000, 0x0000000080900000|100%| O|  |TAMS 0x0000000080900000, 0x0000000080900000| Untracked 
|   9|0x0000000080900000, 0x0000000080a00000, 0x0000000080a00000|100%| O|  |TAMS 0x0000000080a00000, 0x0000000080a00000| Untracked 
|  10|0x0000000080a00000, 0x0000000080b00000, 0x0000000080b00000|100%| O|  |TAMS 0x0000000080b00000, 0x0000000080b00000| Untracked 
|  11|0x0000000080b00000, 0x0000000080c00000, 0x0000000080c00000|100%| O|  |TAMS 0x0000000080c00000, 0x0000000080c00000| Untracked 
|  12|0x0000000080c00000, 0x0000000080d00000, 0x0000000080d00000|100%| O|  |TAMS 0x0000000080d00000, 0x0000000080d00000| Untracked 
|  13|0x0000000080d00000, 0x0000000080e00000, 0x0000000080e00000|100%| O|  |TAMS 0x0000000080e00000, 0x0000000080e00000| Untracked 
|  14|0x0000000080e00000, 0x0000000080f00000, 0x0000000080f00000|100%| O|  |TAMS 0x0000000080f00000, 0x0000000080f00000| Untracked 
|  15|0x0000000080f00000, 0x0000000081000000, 0x0000000081000000|100%| O|  |TAMS 0x0000000081000000, 0x0000000081000000| Untracked 
|  16|0x0000000081000000, 0x0000000081100000, 0x0000000081100000|100%| O|  |TAMS 0x0000000081100000, 0x0000000081100000| Untracked 
|  17|0x0000000081100000, 0x0000000081200000, 0x0000000081200000|100%| O|  |TAMS 0x0000000081200000, 0x0000000081200000| Untracked 
|  18|0x0000000081200000, 0x0000000081300000, 0x0000000081300000|100%| O|  |TAMS 0x0000000081300000, 0x0000000081300000| Untracked 
|  19|0x0000000081300000, 0x0000000081400000, 0x0000000081400000|100%| O|  |TAMS 0x0000000081400000, 0x0000000081400000| Untracked 
|  20|0x0000000081400000, 0x0000000081500000, 0x0000000081500000|100%| O|  |TAMS 0x0000000081500000, 0x0000000081500000| Untracked 
|  21|0x0000000081500000, 0x0000000081600000, 0x0000000081600000|100%| O|  |TAMS 0x0000000081600000, 0x0000000081600000| Untracked 
|  22|0x0000000081600000, 0x0000000081700000, 0x0000000081700000|100%| O|  |TAMS 0x0000000081700000, 0x0000000081700000| Untracked 
|  23|0x0000000081700000, 0x0000000081800000, 0x0000000081800000|100%| O|  |TAMS 0x0000000081800000, 0x0000000081800000| Untracked 
|  24|0x0000000081800000, 0x0000000081900000, 0x0000000081900000|100%| O|  |TAMS 0x0000000081900000, 0x0000000081900000| Untracked 
|  25|0x0000000081900000, 0x0000000081a00000, 0x0000000081a00000|100%| O|  |TAMS 0x0000000081a00000, 0x0000000081a00000| Untracked 
|  26|0x0000000081a00000, 0x0000000081b00000, 0x0000000081b00000|100%| O|  |TAMS 0x0000000081b00000, 0x0000000081b00000| Untracked 
|  27|0x0000000081b00000, 0x0000000081c00000, 0x0000000081c00000|100%|HS|  |TAMS 0x0000000081c00000, 0x0000000081c00000| Complete 
|  28|0x0000000081c00000, 0x0000000081d00000, 0x0000000081d00000|100%|HS|  |TAMS 0x0000000081d00000, 0x0000000081d00000| Complete 
|  29|0x0000000081d00000, 0x0000000081e00000, 0x0000000081e00000|100%|HS|  |TAMS 0x0000000081e00000, 0x0000000081e00000| Complete 
|  30|0x0000000081e00000, 0x0000000081f00000, 0x0000000081f00000|100%|HS|  |TAMS 0x0000000081f00000, 0x0000000081f00000| Complete 
|  31|0x0000000081f00000, 0x0000000082000000, 0x0000000082000000|100%|HC|  |TAMS 0x0000000082000000, 0x0000000082000000| Complete 
|  32|0x0000000082000000, 0x0000000082100000, 0x0000000082100000|100%|HC|  |TAMS 0x0000000082100000, 0x0000000082100000| Complete 
|  33|0x0000000082100000, 0x0000000082200000, 0x0000000082200000|100%|HS|  |TAMS 0x0000000082200000, 0x0000000082200000| Complete 
|  34|0x0000000082200000, 0x0000000082300000, 0x0000000082300000|100%|HC|  |TAMS 0x0000000082300000, 0x0000000082300000| Complete 
|  35|0x0000000082300000, 0x0000000082400000, 0x0000000082400000|100%| O|  |TAMS 0x0000000082400000, 0x0000000082400000| Untracked 
|  36|0x0000000082400000, 0x0000000082500000, 0x0000000082500000|100%| O|  |TAMS 0x0000000082500000, 0x0000000082500000| Untracked 
|  37|0x0000000082500000, 0x0000000082600000, 0x0000000082600000|100%| O|  |TAMS 0x0000000082600000, 0x0000000082600000| Untracked 
|  38|0x0000000082600000, 0x0000000082700000, 0x0000000082700000|100%| O|  |TAMS 0x0000000082700000, 0x0000000082700000| Untracked 
|  39|0x0000000082700000, 0x0000000082800000, 0x0000000082800000|100%| O|  |TAMS 0x0000000082800000, 0x0000000082800000| Untracked 
|  40|0x0000000082800000, 0x0000000082900000, 0x0000000082900000|100%| O|  |TAMS 0x0000000082900000, 0x0000000082900000| Untracked 
|  41|0x0000000082900000, 0x0000000082a00000, 0x0000000082a00000|100%| O|  |TAMS 0x0000000082a00000, 0x0000000082a00000| Untracked 
|  42|0x0000000082a00000, 0x0000000082b00000, 0x0000000082b00000|100%| O|  |TAMS 0x0000000082b00000, 0x0000000082b00000| Untracked 
|  43|0x0000000082b00000, 0x0000000082c00000, 0x0000000082c00000|100%| O|  |TAMS 0x0000000082c00000, 0x0000000082c00000| Untracked 
|  44|0x0000000082c00000, 0x0000000082d00000, 0x0000000082d00000|100%| O|  |TAMS 0x0000000082d00000, 0x0000000082d00000| Untracked 
|  45|0x0000000082d00000, 0x0000000082e00000, 0x0000000082e00000|100%| O|  |TAMS 0x0000000082e00000, 0x0000000082e00000| Untracked 
|  46|0x0000000082e00000, 0x0000000082f00000, 0x0000000082f00000|100%| O|  |TAMS 0x0000000082f00000, 0x0000000082f00000| Untracked 
|  47|0x0000000082f00000, 0x0000000083000000, 0x0000000083000000|100%| O|  |TAMS 0x0000000083000000, 0x0000000083000000| Untracked 
|  48|0x0000000083000000, 0x0000000083100000, 0x0000000083100000|100%| O|  |TAMS 0x0000000083100000, 0x0000000083100000| Untracked 
|  49|0x0000000083100000, 0x0000000083200000, 0x0000000083200000|100%| O|  |TAMS 0x0000000083200000, 0x0000000083200000| Untracked 
|  50|0x0000000083200000, 0x0000000083300000, 0x0000000083300000|100%| O|  |TAMS 0x0000000083300000, 0x0000000083300000| Untracked 
|  51|0x0000000083300000, 0x0000000083400000, 0x0000000083400000|100%| O|  |TAMS 0x0000000083400000, 0x0000000083400000| Untracked 
|  52|0x0000000083400000, 0x0000000083500000, 0x0000000083500000|100%| O|  |TAMS 0x0000000083500000, 0x0000000083500000| Untracked 
|  53|0x0000000083500000, 0x0000000083600000, 0x0000000083600000|100%| O|  |TAMS 0x0000000083600000, 0x0000000083600000| Untracked 
|  54|0x0000000083600000, 0x0000000083700000, 0x0000000083700000|100%| O|  |TAMS 0x0000000083700000, 0x0000000083700000| Untracked 
|  55|0x0000000083700000, 0x0000000083800000, 0x0000000083800000|100%| O|  |TAMS 0x0000000083800000, 0x0000000083800000| Untracked 
|  56|0x0000000083800000, 0x0000000083900000, 0x0000000083900000|100%| O|  |TAMS 0x0000000083900000, 0x0000000083900000| Untracked 
|  57|0x0000000083900000, 0x0000000083a00000, 0x0000000083a00000|100%| O|  |TAMS 0x0000000083a00000, 0x0000000083a00000| Untracked 
|  58|0x0000000083a00000, 0x0000000083b00000, 0x0000000083b00000|100%| O|  |TAMS 0x0000000083b00000, 0x0000000083b00000| Untracked 
|  59|0x0000000083b00000, 0x0000000083c00000, 0x0000000083c00000|100%| O|  |TAMS 0x0000000083c00000, 0x0000000083c00000| Untracked 
|  60|0x0000000083c00000, 0x0000000083d00000, 0x0000000083d00000|100%| O|  |TAMS 0x0000000083d00000, 0x0000000083d00000| Untracked 
|  61|0x0000000083d00000, 0x0000000083e00000, 0x0000000083e00000|100%| O|  |TAMS 0x0000000083e00000, 0x0000000083e00000| Untracked 
|  62|0x0000000083e00000, 0x0000000083f00000, 0x0000000083f00000|100%| O|  |TAMS 0x0000000083f00000, 0x0000000083f00000| Untracked 
|  63|0x0000000083f00000, 0x0000000084000000, 0x0000000084000000|100%| O|  |TAMS 0x0000000084000000, 0x0000000084000000| Untracked 
|  64|0x0000000084000000, 0x0000000084100000, 0x0000000084100000|100%| O|  |TAMS 0x0000000084100000, 0x0000000084100000| Untracked 
|  65|0x0000000084100000, 0x0000000084200000, 0x0000000084200000|100%| O|  |TAMS 0x0000000084200000, 0x0000000084200000| Untracked 
|  66|0x0000000084200000, 0x0000000084300000, 0x0000000084300000|100%| O|  |TAMS 0x0000000084300000, 0x0000000084300000| Untracked 
|  67|0x0000000084300000, 0x0000000084300000, 0x0000000084400000|  0%| F|  |TAMS 0x0000000084300000, 0x0000000084300000| Untracked 
|  68|0x0000000084400000, 0x0000000084500000, 0x0000000084500000|100%| O|  |TAMS 0x0000000084500000, 0x0000000084500000| Untracked 
|  69|0x0000000084500000, 0x0000000084600000, 0x0000000084600000|100%| O|  |TAMS 0x0000000084600000, 0x0000000084600000| Untracked 
|  70|0x0000000084600000, 0x0000000084700000, 0x0000000084700000|100%| O|  |TAMS 0x0000000084700000, 0x0000000084700000| Untracked 
|  71|0x0000000084700000, 0x0000000084800000, 0x0000000084800000|100%| O|  |TAMS 0x0000000084800000, 0x0000000084800000| Untracked 
|  72|0x0000000084800000, 0x0000000084900000, 0x0000000084900000|100%| O|  |TAMS 0x0000000084900000, 0x0000000084900000| Untracked 
|  73|0x0000000084900000, 0x0000000084a00000, 0x0000000084a00000|100%| O|  |TAMS 0x0000000084a00000, 0x0000000084a00000| Untracked 
|  74|0x0000000084a00000, 0x0000000084b00000, 0x0000000084b00000|100%| O|  |TAMS 0x0000000084b00000, 0x0000000084b00000| Untracked 
|  75|0x0000000084b00000, 0x0000000084c00000, 0x0000000084c00000|100%|HS|  |TAMS 0x0000000084c00000, 0x0000000084c00000| Complete 
|  76|0x0000000084c00000, 0x0000000084d00000, 0x0000000084d00000|100%| O|  |TAMS 0x0000000084d00000, 0x0000000084d00000| Untracked 
|  77|0x0000000084d00000, 0x0000000084e00000, 0x0000000084e00000|100%| O|  |TAMS 0x0000000084e00000, 0x0000000084e00000| Untracked 
|  78|0x0000000084e00000, 0x0000000084f00000, 0x0000000084f00000|100%| O|  |TAMS 0x0000000084f00000, 0x0000000084f00000| Untracked 
|  79|0x0000000084f00000, 0x0000000085000000, 0x0000000085000000|100%| O|  |TAMS 0x0000000085000000, 0x0000000085000000| Untracked 
|  80|0x0000000085000000, 0x0000000085100000, 0x0000000085100000|100%| O|  |TAMS 0x0000000085100000, 0x0000000085100000| Untracked 
|  81|0x0000000085100000, 0x0000000085200000, 0x0000000085200000|100%| O|  |TAMS 0x0000000085200000, 0x0000000085200000| Untracked 
|  82|0x0000000085200000, 0x0000000085300000, 0x0000000085300000|100%| O|  |TAMS 0x0000000085300000, 0x0000000085300000| Untracked 
|  83|0x0000000085300000, 0x0000000085400000, 0x0000000085400000|100%| O|  |TAMS 0x0000000085400000, 0x0000000085400000| Untracked 
|  84|0x0000000085400000, 0x0000000085500000, 0x0000000085500000|100%| O|  |TAMS 0x0000000085500000, 0x0000000085500000| Untracked 
|  85|0x0000000085500000, 0x0000000085600000, 0x0000000085600000|100%| O|  |TAMS 0x0000000085600000, 0x0000000085600000| Untracked 
|  86|0x0000000085600000, 0x0000000085700000, 0x0000000085700000|100%| O|  |TAMS 0x0000000085640800, 0x0000000085700000| Untracked 
|  87|0x0000000085700000, 0x0000000085800000, 0x0000000085800000|100%|HS|  |TAMS 0x0000000085700000, 0x0000000085700000| Complete 
|  88|0x0000000085800000, 0x0000000085900000, 0x0000000085900000|100%|HC|  |TAMS 0x0000000085800000, 0x0000000085800000| Complete 
|  89|0x0000000085900000, 0x0000000085900000, 0x0000000085a00000|  0%| F|  |TAMS 0x0000000085900000, 0x0000000085900000| Untracked 
|  90|0x0000000085a00000, 0x0000000085b00000, 0x0000000085b00000|100%|HS|  |TAMS 0x0000000085a00000, 0x0000000085b00000| Complete 
|  91|0x0000000085b00000, 0x0000000085c00000, 0x0000000085c00000|100%|HC|  |TAMS 0x0000000085b00000, 0x0000000085c00000| Complete 
|  92|0x0000000085c00000, 0x0000000085d00000, 0x0000000085d00000|100%| O|  |TAMS 0x0000000085c00000, 0x0000000085d00000| Untracked 
|  93|0x0000000085d00000, 0x0000000085e00000, 0x0000000085e00000|100%| O|  |TAMS 0x0000000085d00000, 0x0000000085e00000| Untracked 
|  94|0x0000000085e00000, 0x0000000085f00000, 0x0000000085f00000|100%| O|  |TAMS 0x0000000085e00000, 0x0000000085f00000| Untracked 
|  95|0x0000000085f00000, 0x0000000086000000, 0x0000000086000000|100%| O|  |TAMS 0x0000000085f00000, 0x0000000086000000| Untracked 
|  96|0x0000000086000000, 0x0000000086100000, 0x0000000086100000|100%| O|  |TAMS 0x0000000086000000, 0x0000000086100000| Untracked 
|  97|0x0000000086100000, 0x00000000861a5200, 0x0000000086200000| 64%| O|  |TAMS 0x0000000086100000, 0x00000000861a5200| Untracked 
|  98|0x0000000086200000, 0x0000000086200000, 0x0000000086300000|  0%| F|  |TAMS 0x0000000086200000, 0x0000000086200000| Untracked 
|  99|0x0000000086300000, 0x0000000086300000, 0x0000000086400000|  0%| F|  |TAMS 0x0000000086300000, 0x0000000086300000| Untracked 
| 100|0x0000000086400000, 0x0000000086400000, 0x0000000086500000|  0%| F|  |TAMS 0x0000000086400000, 0x0000000086400000| Untracked 
| 101|0x0000000086500000, 0x0000000086500000, 0x0000000086600000|  0%| F|  |TAMS 0x0000000086500000, 0x0000000086500000| Untracked 
| 102|0x0000000086600000, 0x0000000086600000, 0x0000000086700000|  0%| F|  |TAMS 0x0000000086600000, 0x0000000086600000| Untracked 
| 103|0x0000000086700000, 0x0000000086700000, 0x0000000086800000|  0%| F|  |TAMS 0x0000000086700000, 0x0000000086700000| Untracked 
| 104|0x0000000086800000, 0x0000000086800000, 0x0000000086900000|  0%| F|  |TAMS 0x0000000086800000, 0x0000000086800000| Untracked 
| 105|0x0000000086900000, 0x0000000086900000, 0x0000000086a00000|  0%| F|  |TAMS 0x0000000086900000, 0x0000000086900000| Untracked 
| 106|0x0000000086a00000, 0x0000000086a00000, 0x0000000086b00000|  0%| F|  |TAMS 0x0000000086a00000, 0x0000000086a00000| Untracked 
| 107|0x0000000086b00000, 0x0000000086b00000, 0x0000000086c00000|  0%| F|  |TAMS 0x0000000086b00000, 0x0000000086b00000| Untracked 
| 108|0x0000000086c00000, 0x0000000086c00000, 0x0000000086d00000|  0%| F|  |TAMS 0x0000000086c00000, 0x0000000086c00000| Untracked 
| 109|0x0000000086d00000, 0x0000000086d00000, 0x0000000086e00000|  0%| F|  |TAMS 0x0000000086d00000, 0x0000000086d00000| Untracked 
| 110|0x0000000086e00000, 0x0000000086e00000, 0x0000000086f00000|  0%| F|  |TAMS 0x0000000086e00000, 0x0000000086e00000| Untracked 
| 111|0x0000000086f00000, 0x0000000086f00000, 0x0000000087000000|  0%| F|  |TAMS 0x0000000086f00000, 0x0000000086f00000| Untracked 
| 112|0x0000000087000000, 0x0000000087000000, 0x0000000087100000|  0%| F|  |TAMS 0x0000000087000000, 0x0000000087000000| Untracked 
| 113|0x0000000087100000, 0x0000000087100000, 0x0000000087200000|  0%| F|  |TAMS 0x0000000087100000, 0x0000000087100000| Untracked 
| 114|0x0000000087200000, 0x0000000087200000, 0x0000000087300000|  0%| F|  |TAMS 0x0000000087200000, 0x0000000087200000| Untracked 
| 115|0x0000000087300000, 0x0000000087300000, 0x0000000087400000|  0%| F|  |TAMS 0x0000000087300000, 0x0000000087300000| Untracked 
| 116|0x0000000087400000, 0x0000000087400000, 0x0000000087500000|  0%| F|  |TAMS 0x0000000087400000, 0x0000000087400000| Untracked 
| 117|0x0000000087500000, 0x0000000087500000, 0x0000000087600000|  0%| F|  |TAMS 0x0000000087500000, 0x0000000087500000| Untracked 
| 118|0x0000000087600000, 0x0000000087600000, 0x0000000087700000|  0%| F|  |TAMS 0x0000000087600000, 0x0000000087600000| Untracked 
| 119|0x0000000087700000, 0x0000000087700000, 0x0000000087800000|  0%| F|  |TAMS 0x0000000087700000, 0x0000000087700000| Untracked 
| 120|0x0000000087800000, 0x0000000087800000, 0x0000000087900000|  0%| F|  |TAMS 0x0000000087800000, 0x0000000087800000| Untracked 
| 121|0x0000000087900000, 0x0000000087900000, 0x0000000087a00000|  0%| F|  |TAMS 0x0000000087900000, 0x0000000087900000| Untracked 
| 122|0x0000000087a00000, 0x0000000087a00000, 0x0000000087b00000|  0%| F|  |TAMS 0x0000000087a00000, 0x0000000087a00000| Untracked 
| 123|0x0000000087b00000, 0x0000000087b00000, 0x0000000087c00000|  0%| F|  |TAMS 0x0000000087b00000, 0x0000000087b00000| Untracked 
| 124|0x0000000087c00000, 0x0000000087c00000, 0x0000000087d00000|  0%| F|  |TAMS 0x0000000087c00000, 0x0000000087c00000| Untracked 
| 125|0x0000000087d00000, 0x0000000087d00000, 0x0000000087e00000|  0%| F|  |TAMS 0x0000000087d00000, 0x0000000087d00000| Untracked 
| 126|0x0000000087e00000, 0x0000000087e00000, 0x0000000087f00000|  0%| F|  |TAMS 0x0000000087e00000, 0x0000000087e00000| Untracked 
| 127|0x0000000087f00000, 0x0000000087f00000, 0x0000000088000000|  0%| F|  |TAMS 0x0000000087f00000, 0x0000000087f00000| Untracked 
| 128|0x0000000088000000, 0x0000000088000000, 0x0000000088100000|  0%| F|  |TAMS 0x0000000088000000, 0x0000000088000000| Untracked 
| 129|0x0000000088100000, 0x0000000088100000, 0x0000000088200000|  0%| F|  |TAMS 0x0000000088100000, 0x0000000088100000| Untracked 
| 130|0x0000000088200000, 0x0000000088200000, 0x0000000088300000|  0%| F|  |TAMS 0x0000000088200000, 0x0000000088200000| Untracked 
| 131|0x0000000088300000, 0x0000000088300000, 0x0000000088400000|  0%| F|  |TAMS 0x0000000088300000, 0x0000000088300000| Untracked 
| 132|0x0000000088400000, 0x0000000088400000, 0x0000000088500000|  0%| F|  |TAMS 0x0000000088400000, 0x0000000088400000| Untracked 
| 133|0x0000000088500000, 0x0000000088500000, 0x0000000088600000|  0%| F|  |TAMS 0x0000000088500000, 0x0000000088500000| Untracked 
| 134|0x0000000088600000, 0x0000000088600000, 0x0000000088700000|  0%| F|  |TAMS 0x0000000088600000, 0x0000000088600000| Untracked 
| 135|0x0000000088700000, 0x0000000088700000, 0x0000000088800000|  0%| F|  |TAMS 0x0000000088700000, 0x0000000088700000| Untracked 
| 136|0x0000000088800000, 0x0000000088800000, 0x0000000088900000|  0%| F|  |TAMS 0x0000000088800000, 0x0000000088800000| Untracked 
| 137|0x0000000088900000, 0x0000000088900000, 0x0000000088a00000|  0%| F|  |TAMS 0x0000000088900000, 0x0000000088900000| Untracked 
| 138|0x0000000088a00000, 0x0000000088a00000, 0x0000000088b00000|  0%| F|  |TAMS 0x0000000088a00000, 0x0000000088a00000| Untracked 
| 139|0x0000000088b00000, 0x0000000088b00000, 0x0000000088c00000|  0%| F|  |TAMS 0x0000000088b00000, 0x0000000088b00000| Untracked 
| 140|0x0000000088c00000, 0x0000000088c00000, 0x0000000088d00000|  0%| F|  |TAMS 0x0000000088c00000, 0x0000000088c00000| Untracked 
| 141|0x0000000088d00000, 0x0000000088d00000, 0x0000000088e00000|  0%| F|  |TAMS 0x0000000088d00000, 0x0000000088d00000| Untracked 
| 142|0x0000000088e00000, 0x0000000088e00000, 0x0000000088f00000|  0%| F|  |TAMS 0x0000000088e00000, 0x0000000088e00000| Untracked 
| 143|0x0000000088f00000, 0x0000000088f00000, 0x0000000089000000|  0%| F|  |TAMS 0x0000000088f00000, 0x0000000088f00000| Untracked 
| 144|0x0000000089000000, 0x0000000089000000, 0x0000000089100000|  0%| F|  |TAMS 0x0000000089000000, 0x0000000089000000| Untracked 
| 145|0x0000000089100000, 0x0000000089100000, 0x0000000089200000|  0%| F|  |TAMS 0x0000000089100000, 0x0000000089100000| Untracked 
| 146|0x0000000089200000, 0x0000000089200000, 0x0000000089300000|  0%| F|  |TAMS 0x0000000089200000, 0x0000000089200000| Untracked 
| 147|0x0000000089300000, 0x0000000089300000, 0x0000000089400000|  0%| F|  |TAMS 0x0000000089300000, 0x0000000089300000| Untracked 
| 148|0x0000000089400000, 0x000000008943c2a8, 0x0000000089500000| 23%| E|  |TAMS 0x0000000089400000, 0x0000000089400000| Complete 
| 149|0x0000000089500000, 0x00000000895f5af0, 0x0000000089600000| 95%| S|CS|TAMS 0x0000000089500000, 0x0000000089500000| Complete 
| 150|0x0000000089600000, 0x0000000089700000, 0x0000000089700000|100%| E|CS|TAMS 0x0000000089600000, 0x0000000089600000| Complete 
| 151|0x0000000089700000, 0x0000000089800000, 0x0000000089800000|100%| E|CS|TAMS 0x0000000089700000, 0x0000000089700000| Complete 

Card table byte_map: [0x0000020671f50000,0x0000020672350000] _byte_map_base: 0x0000020671b50000

Marking Bits (Prev, Next): (CMBitMap*) 0x000002066dd6ed90, (CMBitMap*) 0x000002066dd6ed58
 Prev Bits: [0x0000020674750000, 0x0000020676750000)
 Next Bits: [0x0000020672750000, 0x0000020674750000)

Polling page: 0x000002066bba0000

Metaspace:

Usage:
  Non-class:     74.51 MB capacity,    73.23 MB ( 98%) used,     1.05 MB (  1%) free+waste,   235.69 KB ( <1%) overhead. 
      Class:     11.53 MB capacity,    10.79 MB ( 94%) used,   647.95 KB (  5%) free+waste,   106.44 KB ( <1%) overhead. 
       Both:     86.04 MB capacity,    84.02 MB ( 98%) used,     1.68 MB (  2%) free+waste,   342.13 KB ( <1%) overhead. 

Virtual space:
  Non-class space:       76.00 MB reserved,      75.00 MB ( 99%) committed 
      Class space:        1.00 GB reserved,      11.75 MB (  1%) committed 
             Both:        1.07 GB reserved,      86.75 MB (  8%) committed 

Chunk freelists:
   Non-Class:  370.00 KB
       Class:  195.00 KB
        Both:  565.00 KB

MaxMetaspaceSize: 17179869184.00 GB
CompressedClassSpaceSize: 1.00 GB

CodeHeap 'non-profiled nmethods': size=120000Kb used=6459Kb max_used=6459Kb free=113540Kb
 bounds [0x0000020607ad0000, 0x0000020608120000, 0x000002060f000000]
CodeHeap 'profiled nmethods': size=120000Kb used=23521Kb max_used=23521Kb free=96478Kb
 bounds [0x00000206005a0000, 0x0000020601ca0000, 0x0000020607ad0000]
CodeHeap 'non-nmethods': size=5760Kb used=2295Kb max_used=2357Kb free=3464Kb
 bounds [0x0000020600000000, 0x0000020600270000, 0x00000206005a0000]
 total_blobs=11595 nmethods=10710 adapters=795
 compilation: enabled
              stopped_count=0, restarted_count=0
 full_count=0

Compilation events (20 events):
Event: 18.595 Thread 0x00000206791b7000 10753       3       com.android.ide.common.blame.SourcePosition::hashCode (69 bytes)
Event: 18.597 Thread 0x00000206791b7000 nmethod 10753 0x0000020601c85090 code [0x0000020601c853e0, 0x0000020601c86dc8]
Event: 18.597 Thread 0x00000206791b7000 10755       3       com.android.ide.common.blame.SourceFile::getSourcePath (43 bytes)
Event: 18.597 Thread 0x00000206791b7000 nmethod 10755 0x0000020601c87510 code [0x0000020601c87740, 0x0000020601c87ee8]
Event: 18.598 Thread 0x00000206791b7000 10754       3       com.android.ide.common.blame.SourceFile::equals (55 bytes)
Event: 18.598 Thread 0x00000206791b7000 nmethod 10754 0x0000020601c88110 code [0x0000020601c88340, 0x0000020601c88a98]
Event: 18.609 Thread 0x00000206791b5800 nmethod 10732 0x0000020608116e10 code [0x0000020608116fc0, 0x0000020608117478]
Event: 18.609 Thread 0x00000206791b5800 10744       4       org.apache.xerces.dom.ChildNode::parentNode (16 bytes)
Event: 18.610 Thread 0x00000206791b5800 nmethod 10744 0x0000020608117790 code [0x0000020608117920, 0x0000020608117998]
Event: 18.610 Thread 0x00000206791b5800 10748       4       org.apache.xerces.dom.ParentNode::getLength (5 bytes)
Event: 18.624 Thread 0x00000206791b7000 10756       3       org.apache.xerces.dom.DocumentImpl::removedNode (21 bytes)
Event: 18.625 Thread 0x00000206791b7000 nmethod 10756 0x0000020601c88c90 code [0x0000020601c88e80, 0x0000020601c892f8]
Event: 18.625 Thread 0x00000206791b5800 nmethod 10748 0x0000020608117a10 code [0x0000020608117bc0, 0x0000020608118178]
Event: 18.626 Thread 0x00000206791b5800 10727       4       sun.nio.fs.WindowsPathParser::parse (384 bytes)
Event: 18.626 Thread 0x00000206791b7000 10759       3       org.apache.xerces.dom.ParentNode::internalRemoveChild (319 bytes)
Event: 18.627 Thread 0x00000206791b7000 nmethod 10759 0x0000020601c89490 code [0x0000020601c897c0, 0x0000020601c8ad08]
Event: 18.630 Thread 0x00000206791b7000 10761       3       org.apache.xerces.dom.AttrImpl::getNodeValue (5 bytes)
Event: 18.630 Thread 0x00000206791b7000 nmethod 10761 0x0000020601c8b310 code [0x0000020601c8b4c0, 0x0000020601c8b668]
Event: 18.631 Thread 0x00000206791b7000 10762       3       com.android.ide.common.blame.SourcePosition::<init> (38 bytes)
Event: 18.631 Thread 0x00000206791b7000 nmethod 10762 0x0000020601c8b710 code [0x0000020601c8b8c0, 0x0000020601c8ba38]

GC Heap History (20 events):
Event: 10.677 GC heap before
{Heap before GC invocations=15 (full 0):
 garbage-first heap   total 155648K, used 99934K [0x0000000080000000, 0x0000000100000000)
  region size 1024K, 49 young (50176K), 2 survivors (2048K)
 Metaspace       used 63093K, capacity 64575K, committed 64640K, reserved 1105920K
  class space    used 7983K, capacity 8535K, committed 8576K, reserved 1048576K
}
Event: 10.682 GC heap after
{Heap after GC invocations=16 (full 0):
 garbage-first heap   total 155648K, used 55928K [0x0000000080000000, 0x0000000100000000)
  region size 1024K, 6 young (6144K), 6 survivors (6144K)
 Metaspace       used 63093K, capacity 64575K, committed 64640K, reserved 1105920K
  class space    used 7983K, capacity 8535K, committed 8576K, reserved 1048576K
}
Event: 11.265 GC heap before
{Heap before GC invocations=16 (full 0):
 garbage-first heap   total 155648K, used 104056K [0x0000000080000000, 0x0000000100000000)
  region size 1024K, 53 young (54272K), 6 survivors (6144K)
 Metaspace       used 65925K, capacity 67673K, committed 67968K, reserved 1107968K
  class space    used 8365K, capacity 8987K, committed 9088K, reserved 1048576K
}
Event: 11.271 GC heap after
{Heap after GC invocations=17 (full 0):
 garbage-first heap   total 155648K, used 59010K [0x0000000080000000, 0x0000000100000000)
  region size 1024K, 4 young (4096K), 4 survivors (4096K)
 Metaspace       used 65925K, capacity 67673K, committed 67968K, reserved 1107968K
  class space    used 8365K, capacity 8987K, committed 9088K, reserved 1048576K
}
Event: 12.077 GC heap before
{Heap before GC invocations=17 (full 0):
 garbage-first heap   total 155648K, used 108162K [0x0000000080000000, 0x0000000100000000)
  region size 1024K, 52 young (53248K), 4 survivors (4096K)
 Metaspace       used 71076K, capacity 72696K, committed 72832K, reserved 1112064K
  class space    used 9180K, capacity 9783K, committed 9856K, reserved 1048576K
}
Event: 12.081 GC heap after
{Heap after GC invocations=18 (full 0):
 garbage-first heap   total 155648K, used 62223K [0x0000000080000000, 0x0000000100000000)
  region size 1024K, 7 young (7168K), 7 survivors (7168K)
 Metaspace       used 71076K, capacity 72696K, committed 72832K, reserved 1112064K
  class space    used 9180K, capacity 9783K, committed 9856K, reserved 1048576K
}
Event: 13.026 GC heap before
{Heap before GC invocations=18 (full 0):
 garbage-first heap   total 155648K, used 112399K [0x0000000080000000, 0x0000000100000000)
  region size 1024K, 56 young (57344K), 7 survivors (7168K)
 Metaspace       used 76043K, capacity 77837K, committed 77952K, reserved 1116160K
  class space    used 9898K, capacity 10541K, committed 10624K, reserved 1048576K
}
Event: 13.032 GC heap after
{Heap after GC invocations=19 (full 0):
 garbage-first heap   total 155648K, used 65386K [0x0000000080000000, 0x0000000100000000)
  region size 1024K, 7 young (7168K), 7 survivors (7168K)
 Metaspace       used 76043K, capacity 77837K, committed 77952K, reserved 1116160K
  class space    used 9898K, capacity 10541K, committed 10624K, reserved 1048576K
}
Event: 14.097 GC heap before
{Heap before GC invocations=19 (full 0):
 garbage-first heap   total 155648K, used 115562K [0x0000000080000000, 0x0000000100000000)
  region size 1024K, 56 young (57344K), 7 survivors (7168K)
 Metaspace       used 80748K, capacity 82628K, committed 82688K, reserved 1120256K
  class space    used 10516K, capacity 11225K, committed 11264K, reserved 1048576K
}
Event: 14.107 GC heap after
{Heap after GC invocations=20 (full 0):
 garbage-first heap   total 155648K, used 69049K [0x0000000080000000, 0x0000000100000000)
  region size 1024K, 7 young (7168K), 7 survivors (7168K)
 Metaspace       used 80748K, capacity 82628K, committed 82688K, reserved 1120256K
  class space    used 10516K, capacity 11225K, committed 11264K, reserved 1048576K
}
Event: 15.326 GC heap before
{Heap before GC invocations=20 (full 0):
 garbage-first heap   total 155648K, used 118201K [0x0000000080000000, 0x0000000100000000)
  region size 1024K, 55 young (56320K), 7 survivors (7168K)
 Metaspace       used 83112K, capacity 85281K, committed 85504K, reserved 1122304K
  class space    used 10883K, capacity 11705K, committed 11776K, reserved 1048576K
}
Event: 15.335 GC heap after
{Heap after GC invocations=21 (full 0):
 garbage-first heap   total 155648K, used 72612K [0x0000000080000000, 0x0000000100000000)
  region size 1024K, 4 young (4096K), 4 survivors (4096K)
 Metaspace       used 83112K, capacity 85281K, committed 85504K, reserved 1122304K
  class space    used 10883K, capacity 11705K, committed 11776K, reserved 1048576K
}
Event: 16.788 GC heap before
{Heap before GC invocations=21 (full 0):
 garbage-first heap   total 155648K, used 120740K [0x0000000080000000, 0x0000000100000000)
  region size 1024K, 52 young (53248K), 4 survivors (4096K)
 Metaspace       used 85159K, capacity 87419K, committed 87680K, reserved 1124352K
  class space    used 11044K, capacity 11841K, committed 11904K, reserved 1048576K
}
Event: 16.793 GC heap after
{Heap after GC invocations=22 (full 0):
 garbage-first heap   total 155648K, used 74340K [0x0000000080000000, 0x0000000100000000)
  region size 1024K, 6 young (6144K), 6 survivors (6144K)
 Metaspace       used 85159K, capacity 87419K, committed 87680K, reserved 1124352K
  class space    used 11044K, capacity 11841K, committed 11904K, reserved 1048576K
}
Event: 17.550 GC heap before
{Heap before GC invocations=22 (full 0):
 garbage-first heap   total 155648K, used 112228K [0x0000000080000000, 0x0000000100000000)
  region size 1024K, 44 young (45056K), 6 survivors (6144K)
 Metaspace       used 85853K, capacity 88092K, committed 88320K, reserved 1126400K
  class space    used 11104K, capacity 11914K, committed 12032K, reserved 1048576K
}
Event: 17.577 GC heap after
{Heap after GC invocations=23 (full 0):
 garbage-first heap   total 155648K, used 82538K [0x0000000080000000, 0x0000000100000000)
  region size 1024K, 7 young (7168K), 7 survivors (7168K)
 Metaspace       used 85853K, capacity 88092K, committed 88320K, reserved 1126400K
  class space    used 11104K, capacity 11914K, committed 12032K, reserved 1048576K
}
Event: 18.236 GC heap before
{Heap before GC invocations=24 (full 0):
 garbage-first heap   total 155648K, used 119402K [0x0000000080000000, 0x0000000100000000)
  region size 1024K, 43 young (44032K), 7 survivors (7168K)
 Metaspace       used 86192K, capacity 88379K, committed 88576K, reserved 1126400K
  class space    used 11119K, capacity 11946K, committed 12032K, reserved 1048576K
}
Event: 18.252 GC heap after
{Heap after GC invocations=25 (full 0):
 garbage-first heap   total 155648K, used 93442K [0x0000000080000000, 0x0000000100000000)
  region size 1024K, 6 young (6144K), 6 survivors (6144K)
 Metaspace       used 86192K, capacity 88379K, committed 88576K, reserved 1126400K
  class space    used 11119K, capacity 11946K, committed 12032K, reserved 1048576K
}
Event: 18.478 GC heap before
{Heap before GC invocations=26 (full 0):
 garbage-first heap   total 155648K, used 100610K [0x0000000080000000, 0x0000000100000000)
  region size 1024K, 8 young (8192K), 6 survivors (6144K)
 Metaspace       used 86009K, capacity 88043K, committed 88832K, reserved 1126400K
  class space    used 11048K, capacity 11805K, committed 12032K, reserved 1048576K
}
Event: 18.486 GC heap after
{Heap after GC invocations=27 (full 0):
 garbage-first heap   total 155648K, used 96875K [0x0000000080000000, 0x0000000100000000)
  region size 1024K, 1 young (1024K), 1 survivors (1024K)
 Metaspace       used 86009K, capacity 88043K, committed 88832K, reserved 1126400K
  class space    used 11048K, capacity 11805K, committed 12032K, reserved 1048576K
}

Deoptimization events (20 events):
Event: 18.357 Thread 0x000002060f9f3800 Uncommon trap: trap_request=0xffffffbe fr.pc=0x0000020608102fe0 relative=0x00000000000002c0
Event: 18.357 Thread 0x000002060f9f3800 Uncommon trap: reason=profile_predicate action=maybe_recompile pc=0x0000020608102fe0 method=com.android.utils.XmlUtils.toXmlTextValue(Ljava/lang/String;)Ljava/lang/String; @ 9 c2
Event: 18.357 Thread 0x000002060f9f3800 DEOPT PACKING pc=0x0000020608102fe0 sp=0x000000df4a6f9920
Event: 18.357 Thread 0x000002060f9f3800 DEOPT UNPACKING pc=0x00000206000083af sp=0x000000df4a6f98a0 mode 2
Event: 18.357 Thread 0x000002060f9f3800 Uncommon trap: trap_request=0xffffffbe fr.pc=0x0000020608102fe0 relative=0x00000000000002c0
Event: 18.357 Thread 0x000002060f9f3800 Uncommon trap: reason=profile_predicate action=maybe_recompile pc=0x0000020608102fe0 method=com.android.utils.XmlUtils.toXmlTextValue(Ljava/lang/String;)Ljava/lang/String; @ 9 c2
Event: 18.357 Thread 0x000002060f9f3800 DEOPT PACKING pc=0x0000020608102fe0 sp=0x000000df4a6f9920
Event: 18.357 Thread 0x000002060f9f3800 DEOPT UNPACKING pc=0x00000206000083af sp=0x000000df4a6f98a0 mode 2
Event: 18.487 Thread 0x000002060f9f3800 Uncommon trap: trap_request=0xffffff4d fr.pc=0x0000020607b96d1c relative=0x000000000000043c
Event: 18.487 Thread 0x000002060f9f3800 Uncommon trap: reason=unstable_if action=reinterpret pc=0x0000020607b96d1c method=sun.nio.cs.UTF_8$Encoder.encodeArrayLoop(Ljava/nio/CharBuffer;Ljava/nio/ByteBuffer;)Ljava/nio/charset/CoderResult; @ 113 c2
Event: 18.487 Thread 0x000002060f9f3800 DEOPT PACKING pc=0x0000020607b96d1c sp=0x000000df4a6f9b30
Event: 18.487 Thread 0x000002060f9f3800 DEOPT UNPACKING pc=0x00000206000083af sp=0x000000df4a6f9a98 mode 2
Event: 18.526 Thread 0x000002060f9f3800 Uncommon trap: trap_request=0xffffffc6 fr.pc=0x00000206080c6ef8 relative=0x00000000000012f8
Event: 18.526 Thread 0x000002060f9f3800 Uncommon trap: reason=bimorphic_or_optimized_type_check action=maybe_recompile pc=0x00000206080c6ef8 method=org.apache.xerces.dom.AttributeMap.setNamedItem(Lorg/w3c/dom/Node;)Lorg/w3c/dom/Node; @ 4 c2
Event: 18.526 Thread 0x000002060f9f3800 DEOPT PACKING pc=0x00000206080c6ef8 sp=0x000000df4a6f9df0
Event: 18.526 Thread 0x000002060f9f3800 DEOPT UNPACKING pc=0x00000206000083af sp=0x000000df4a6f9dd0 mode 2
Event: 18.532 Thread 0x000002060f9f3800 Uncommon trap: trap_request=0xffffffc6 fr.pc=0x00000206080c6ef8 relative=0x00000000000012f8
Event: 18.532 Thread 0x000002060f9f3800 Uncommon trap: reason=bimorphic_or_optimized_type_check action=maybe_recompile pc=0x00000206080c6ef8 method=org.apache.xerces.dom.AttributeMap.setNamedItem(Lorg/w3c/dom/Node;)Lorg/w3c/dom/Node; @ 4 c2
Event: 18.532 Thread 0x000002060f9f3800 DEOPT PACKING pc=0x00000206080c6ef8 sp=0x000000df4a6f9df0
Event: 18.532 Thread 0x000002060f9f3800 DEOPT UNPACKING pc=0x00000206000083af sp=0x000000df4a6f9dd0 mode 2

Classes redefined (0 events):
No events

Internal exceptions (20 events):
Event: 14.082 Thread 0x000002067c83e000 Exception <a 'java/lang/NoSuchMethodError'{0x00000000868c63e8}: <clinit>> (0x00000000868c63e8) thrown at [./src/hotspot/share/prims/jni.cpp, line 1362]
Event: 14.085 Thread 0x000002067c83e000 Exception <a 'java/lang/NoSuchMethodError'{0x000000008672ed08}: <clinit>> (0x000000008672ed08) thrown at [./src/hotspot/share/prims/jni.cpp, line 1362]
Event: 14.085 Thread 0x000002067c83e000 Exception <a 'java/lang/NoSuchMethodError'{0x0000000086730220}: <clinit>> (0x0000000086730220) thrown at [./src/hotspot/share/prims/jni.cpp, line 1362]
Event: 14.139 Thread 0x000002060f9ec000 Exception <a 'java/lang/NoSuchMethodError'{0x0000000089586430}: <clinit>> (0x0000000089586430) thrown at [./src/hotspot/share/prims/jni.cpp, line 1362]
Event: 14.143 Thread 0x000002060f9ec000 Exception <a 'java/lang/NoSuchMethodError'{0x00000000895b5128}: <clinit>> (0x00000000895b5128) thrown at [./src/hotspot/share/prims/jni.cpp, line 1362]
Event: 14.146 Thread 0x000002060f9ec000 Exception <a 'java/lang/NoSuchMethodError'{0x0000000089402ae8}: <clinit>> (0x0000000089402ae8) thrown at [./src/hotspot/share/prims/jni.cpp, line 1362]
Event: 14.177 Thread 0x000002067c83e000 Exception <a 'java/lang/NoSuchMethodError'{0x0000000089368f38}: <clinit>> (0x0000000089368f38) thrown at [./src/hotspot/share/prims/jni.cpp, line 1362]
Event: 14.196 Thread 0x000002060f9f8800 Exception <a 'java/lang/NoSuchMethodError'{0x000000008939b2b8}: 'java.lang.Object java.lang.invoke.Invokers$Holder.linkToTargetMethod(java.lang.Object, java.lang.Object, java.lang.Object, int, java.lang.Object, java.lang.Object)'> (0x000000008939b2b8) thrown at [./src/hotspot/share/interpreter/linkResolver.cpp, line 773]
Event: 14.782 Thread 0x000002067d664000 Exception <a 'java/lang/NoSuchMethodError'{0x000000008847f080}: 'java.lang.Object java.lang.invoke.DirectMethodHandle$Holder.invokeSpecialIFC(java.lang.Object, java.lang.Object, java.lang.Object)'> (0x000000008847f080) thrown at [./src/hotspot/share/interpreter/linkResolver.cpp, line 773]
Event: 14.783 Thread 0x000002067d662000 Exception <a 'java/lang/NoSuchMethodError'{0x000000008845c788}: 'java.lang.Object java.lang.invoke.DirectMethodHandle$Holder.invokeSpecialIFC(java.lang.Object, java.lang.Object, java.lang.Object)'> (0x000000008845c788) thrown at [./src/hotspot/share/interpreter/linkResolver.cpp, line 773]
Event: 14.831 Thread 0x000002067d662800 Exception <a 'java/lang/NoSuchMethodError'{0x00000000880af850}: 'int java.lang.invoke.DirectMethodHandle$Holder.invokeStaticInit(java.lang.Object, java.lang.Object, java.lang.Object, java.lang.Object, java.lang.Object)'> (0x00000000880af850) thrown at [./src/hotspot/share/interpreter/linkResolver.cpp, line 773]
Event: 14.980 Thread 0x000002067d662800 Exception <a 'java/lang/NoSuchMethodError'{0x0000000087aa9e00}: 'void java.lang.invoke.DirectMethodHandle$Holder.invokeVirtual(java.lang.Object, java.lang.Object)'> (0x0000000087aa9e00) thrown at [./src/hotspot/share/interpreter/linkResolver.cpp, line 773]
Event: 15.059 Thread 0x000002067d65e800 Exception <a 'java/lang/NoSuchMethodError'{0x0000000087645f90}: 'void java.lang.invoke.DirectMethodHandle$Holder.invokeStatic(java.lang.Object, java.lang.Object, java.lang.Object, java.lang.Object, java.lang.Object, java.lang.Object, java.lang.Object)'> (0x0000000087645f90) thrown at [./src/hotspot/share/interpreter/linkResolver.cpp, line 773]
Event: 15.060 Thread 0x000002067d663800 Exception <a 'java/lang/NoSuchMethodError'{0x00000000876397d0}: 'void java.lang.invoke.DirectMethodHandle$Holder.invokeStatic(java.lang.Object, java.lang.Object, java.lang.Object, java.lang.Object, java.lang.Object, java.lang.Object, java.lang.Object)'> (0x00000000876397d0) thrown at [./src/hotspot/share/interpreter/linkResolver.cpp, line 773]
Event: 15.754 Thread 0x000002060f9f8800 Exception <a 'java/lang/IncompatibleClassChangeError'{0x000000008858c810}: Found class java.lang.Object, but interface was expected> (0x000000008858c810) thrown at [./src/hotspot/share/interpreter/linkResolver.cpp, line 839]
Event: 15.848 Thread 0x000002060f9f4000 Exception <a 'sun/nio/fs/WindowsException'{0x000000008804cf00}> (0x000000008804cf00) thrown at [./src/hotspot/share/prims/jni.cpp, line 615]
Event: 15.875 Thread 0x000002060f9f4000 Exception <a 'sun/nio/fs/WindowsException'{0x0000000088068af0}> (0x0000000088068af0) thrown at [./src/hotspot/share/prims/jni.cpp, line 615]
Event: 15.948 Thread 0x000002067c83e000 Exception <a 'java/lang/NoSuchMethodError'{0x0000000087ca9dc0}: <clinit>> (0x0000000087ca9dc0) thrown at [./src/hotspot/share/prims/jni.cpp, line 1362]
Event: 17.494 Thread 0x000002060f9f3800 Implicit null exception at 0x00000206080c83e8 to 0x00000206080c8618
Event: 18.066 Thread 0x000002060f9f3800 Implicit null exception at 0x00000206080dada0 to 0x00000206080dbbb0

Events (20 events):
Event: 18.470 loading class com/google/common/io/CharSink
Event: 18.470 loading class com/google/common/io/CharSink done
Event: 18.471 loading class com/google/common/io/ByteSink$AsCharSink
Event: 18.471 loading class com/google/common/io/ByteSink$AsCharSink done
Event: 18.472 loading class com/google/common/io/Closer
Event: 18.472 loading class com/google/common/io/Closer done
Event: 18.473 loading class com/google/common/io/Closer$Suppressor
Event: 18.473 loading class com/google/common/io/Closer$Suppressor done
Event: 18.474 loading class com/google/common/io/Closer$SuppressingSuppressor
Event: 18.474 loading class com/google/common/io/Closer$SuppressingSuppressor done
Event: 18.477 Executing VM operation: G1CollectForAllocation
Event: 18.486 Executing VM operation: G1CollectForAllocation done
Event: 18.501 loading class com/android/builder/internal/aapt/v2/Aapt2RenamingConventions
Event: 18.501 loading class com/android/builder/internal/aapt/v2/Aapt2RenamingConventions done
Event: 18.502 loading class com/android/builder/internal/aapt/v2/Aapt2Exception
Event: 18.502 loading class com/android/builder/internal/aapt/v2/Aapt2Exception done
Event: 18.508 loading class com/android/ide/common/blame/MergingLogPersistUtil
Event: 18.508 loading class com/android/ide/common/blame/MergingLogPersistUtil done
Event: 18.514 loading class com/android/ide/common/blame/MergingLogPersistUtil$SourcePositionsSerializer$JsonTypeAdapter
Event: 18.514 loading class com/android/ide/common/blame/MergingLogPersistUtil$SourcePositionsSerializer$JsonTypeAdapter done


Dynamic libraries:
0x00007ff7351f0000 - 0x00007ff7351fa000 	C:\Program Files\Android\Android Studio\jre\bin\java.exe
0x00007ffcfb210000 - 0x00007ffcfb405000 	C:\WINDOWS\SYSTEM32\ntdll.dll
0x00007ffcf96a0000 - 0x00007ffcf975e000 	C:\WINDOWS\System32\KERNEL32.DLL
0x00007ffcf8ba0000 - 0x00007ffcf8e69000 	C:\WINDOWS\System32\KERNELBASE.dll
0x00007ffcf8f00000 - 0x00007ffcf9000000 	C:\WINDOWS\System32\ucrtbase.dll
0x00007ffcd6b10000 - 0x00007ffcd6b29000 	C:\Program Files\Android\Android Studio\jre\bin\jli.dll
0x00007ffcd4290000 - 0x00007ffcd42a7000 	C:\Program Files\Android\Android Studio\jre\bin\VCRUNTIME140.dll
0x00007ffcf9b40000 - 0x00007ffcf9ce1000 	C:\WINDOWS\System32\USER32.dll
0x00007ffcf9230000 - 0x00007ffcf9252000 	C:\WINDOWS\System32\win32u.dll
0x00007ffcf7e40000 - 0x00007ffcf80da000 	C:\WINDOWS\WinSxS\amd64_microsoft.windows.common-controls_6595b64144ccf1df_6.0.19041.1110_none_60b5254171f9507e\COMCTL32.dll
0x00007ffcf9940000 - 0x00007ffcf996b000 	C:\WINDOWS\System32\GDI32.dll
0x00007ffcf9480000 - 0x00007ffcf951e000 	C:\WINDOWS\System32\msvcrt.dll
0x00007ffcf90d0000 - 0x00007ffcf91db000 	C:\WINDOWS\System32\gdi32full.dll
0x00007ffcf9030000 - 0x00007ffcf90cd000 	C:\WINDOWS\System32\msvcp_win.dll
0x00007ffcf97d0000 - 0x00007ffcf9800000 	C:\WINDOWS\System32\IMM32.DLL
0x00007ffcc8710000 - 0x00007ffcc87ad000 	C:\Program Files\Android\Android Studio\jre\bin\msvcp140.dll
0x00007ffc94bd0000 - 0x00007ffc9569f000 	C:\Program Files\Android\Android Studio\jre\bin\server\jvm.dll
0x00007ffcfa130000 - 0x00007ffcfa1dc000 	C:\WINDOWS\System32\ADVAPI32.dll
0x00007ffcf9aa0000 - 0x00007ffcf9b3b000 	C:\WINDOWS\System32\sechost.dll
0x00007ffcfb0a0000 - 0x00007ffcfb1ca000 	C:\WINDOWS\System32\RPCRT4.dll
0x00007ffcf9260000 - 0x00007ffcf9268000 	C:\WINDOWS\System32\PSAPI.DLL
0x00007ffcdd300000 - 0x00007ffcdd327000 	C:\WINDOWS\SYSTEM32\WINMM.dll
0x00007ffcf11f0000 - 0x00007ffcf11f9000 	C:\WINDOWS\SYSTEM32\WSOCK32.dll
0x00007ffcf5240000 - 0x00007ffcf524a000 	C:\WINDOWS\SYSTEM32\VERSION.dll
0x00007ffcf9760000 - 0x00007ffcf97cb000 	C:\WINDOWS\System32\WS2_32.dll
0x00007ffcf6380000 - 0x00007ffcf6392000 	C:\WINDOWS\SYSTEM32\kernel.appcore.dll
0x00007ffcd7d30000 - 0x00007ffcd7d41000 	C:\Program Files\Android\Android Studio\jre\bin\verify.dll
0x00007ffcf82b0000 - 0x00007ffcf8494000 	C:\WINDOWS\SYSTEM32\DBGHELP.DLL
0x00007ffcf8280000 - 0x00007ffcf82ac000 	C:\WINDOWS\SYSTEM32\dbgcore.DLL
0x00007ffcf8e70000 - 0x00007ffcf8ef3000 	C:\WINDOWS\System32\bcryptPrimitives.dll
0x00007ffcc9960000 - 0x00007ffcc9989000 	C:\Program Files\Android\Android Studio\jre\bin\java.dll
0x00007ffcf6800000 - 0x00007ffcf680b000 	C:\Program Files\Android\Android Studio\jre\bin\jimage.dll
0x00007ffcc9ed0000 - 0x00007ffcc9ee8000 	C:\Program Files\Android\Android Studio\jre\bin\zip.dll
0x00007ffcfa1f0000 - 0x00007ffcfa92f000 	C:\WINDOWS\System32\SHELL32.dll
0x00007ffcf5bf0000 - 0x00007ffcf6380000 	C:\WINDOWS\SYSTEM32\windows.storage.dll
0x00007ffcf9dc0000 - 0x00007ffcfa115000 	C:\WINDOWS\System32\combase.dll
0x00007ffcf7b00000 - 0x00007ffcf7b2c000 	C:\WINDOWS\SYSTEM32\Wldp.dll
0x00007ffcf9520000 - 0x00007ffcf95cd000 	C:\WINDOWS\System32\SHCORE.dll
0x00007ffcfaae0000 - 0x00007ffcfab35000 	C:\WINDOWS\System32\shlwapi.dll
0x00007ffcf8870000 - 0x00007ffcf888f000 	C:\WINDOWS\SYSTEM32\profapi.dll
0x00007ffcc4e60000 - 0x00007ffcc4e7a000 	C:\Program Files\Android\Android Studio\jre\bin\net.dll
0x00007ffcf2440000 - 0x00007ffcf2548000 	C:\WINDOWS\SYSTEM32\WINHTTP.dll
0x00007ffcf7970000 - 0x00007ffcf79da000 	C:\WINDOWS\system32\mswsock.dll
0x00007ffcc4c80000 - 0x00007ffcc4c94000 	C:\Program Files\Android\Android Studio\jre\bin\nio.dll
0x00007ffcdfed0000 - 0x00007ffcdfef7000 	C:\Users\Dani1\.gradle\native\8bec1ad78214c89d9ad589b4d07fe93259594b29d510b10fafb7a158f7737e5d\windows-amd64\native-platform.dll
0x00007ffcc1360000 - 0x00007ffcc149d000 	C:\Users\Dani1\.gradle\native\53dbd7edfb1c66fb8903c78663c9afc45aea4f116125fa6feffd364cf09443e8\windows-amd64\native-platform-file-events.dll
0x00007ffcdab40000 - 0x00007ffcdab4a000 	C:\Program Files\Android\Android Studio\jre\bin\management.dll
0x00007ffcd7e80000 - 0x00007ffcd7e8c000 	C:\Program Files\Android\Android Studio\jre\bin\management_ext.dll
0x00007ffcf8640000 - 0x00007ffcf8658000 	C:\WINDOWS\SYSTEM32\CRYPTSP.dll
0x00007ffcf7300000 - 0x00007ffcf7334000 	C:\WINDOWS\system32\rsaenh.dll
0x00007ffcf9000000 - 0x00007ffcf9027000 	C:\WINDOWS\System32\bcrypt.dll
0x00007ffcf8830000 - 0x00007ffcf885e000 	C:\WINDOWS\SYSTEM32\USERENV.dll
0x00007ffcf7c50000 - 0x00007ffcf7c5c000 	C:\WINDOWS\SYSTEM32\CRYPTBASE.dll
0x00007ffcf7660000 - 0x00007ffcf769b000 	C:\WINDOWS\SYSTEM32\IPHLPAPI.DLL
0x00007ffcfa120000 - 0x00007ffcfa128000 	C:\WINDOWS\System32\NSI.dll
0x00007ffcefcb0000 - 0x00007ffcefcc7000 	C:\WINDOWS\SYSTEM32\dhcpcsvc6.DLL
0x00007ffcefb10000 - 0x00007ffcefb2d000 	C:\WINDOWS\SYSTEM32\dhcpcsvc.DLL
0x00007ffcf76c0000 - 0x00007ffcf778c000 	C:\WINDOWS\SYSTEM32\DNSAPI.dll
0x00007ffcf8600000 - 0x00007ffcf8633000 	C:\WINDOWS\SYSTEM32\ntmarta.dll

dbghelp: loaded successfully - version: 4.0.5 - missing functions: none
symbol engine: initialized successfully - sym options: 0x614 - pdb path: .;C:\Program Files\Android\Android Studio\jre\bin;C:\WINDOWS\SYSTEM32;C:\WINDOWS\WinSxS\amd64_microsoft.windows.common-controls_6595b64144ccf1df_6.0.19041.1110_none_60b5254171f9507e;C:\Program Files\Android\Android Studio\jre\bin\server;C:\Users\Dani1\.gradle\native\8bec1ad78214c89d9ad589b4d07fe93259594b29d510b10fafb7a158f7737e5d\windows-amd64;C:\Users\Dani1\.gradle\native\53dbd7edfb1c66fb8903c78663c9afc45aea4f116125fa6feffd364cf09443e8\windows-amd64

VM Arguments:
jvm_args: --add-opens=java.base/java.util=ALL-UNNAMED --add-opens=java.base/java.lang=ALL-UNNAMED --add-opens=java.base/java.lang.invoke=ALL-UNNAMED --add-opens=java.base/java.util=ALL-UNNAMED --add-opens=java.prefs/java.util.prefs=ALL-UNNAMED --add-opens=java.prefs/java.util.prefs=ALL-UNNAMED --add-opens=java.base/java.nio.charset=ALL-UNNAMED --add-opens=java.base/java.net=ALL-UNNAMED --add-opens=java.base/java.util.concurrent.atomic=ALL-UNNAMED -Xmx2048m -Dfile.encoding=UTF-8 -Duser.country=IL -Duser.language=iw -Duser.variant 
java_command: org.gradle.launcher.daemon.bootstrap.GradleDaemon 7.0.2
java_class_path (initial): C:\Users\Dani1\.gradle\wrapper\dists\gradle-7.0.2-bin\857tjihv64xamwrf0h14cai3r\gradle-7.0.2\lib\gradle-launcher-7.0.2.jar
Launcher Type: SUN_STANDARD

[Global flags]
     intx CICompilerCount                          = 4                                         {product} {ergonomic}
     uint ConcGCThreads                            = 2                                         {product} {ergonomic}
     uint G1ConcRefinementThreads                  = 8                                         {product} {ergonomic}
   size_t G1HeapRegionSize                         = 1048576                                   {product} {ergonomic}
    uintx GCDrainStackTargetSize                   = 64                                        {product} {ergonomic}
   size_t InitialHeapSize                          = 132120576                                 {product} {ergonomic}
   size_t MarkStackSize                            = 4194304                                   {product} {ergonomic}
   size_t MaxHeapSize                              = 2147483648                                {product} {command line}
   size_t MaxNewSize                               = 1287651328                                {product} {ergonomic}
   size_t MinHeapDeltaBytes                        = 1048576                                   {product} {ergonomic}
    uintx NonNMethodCodeHeapSize                   = 5836300                                {pd product} {ergonomic}
    uintx NonProfiledCodeHeapSize                  = 122910970                              {pd product} {ergonomic}
    uintx ProfiledCodeHeapSize                     = 122910970                              {pd product} {ergonomic}
    uintx ReservedCodeCacheSize                    = 251658240                              {pd product} {ergonomic}
     bool SegmentedCodeCache                       = true                                      {product} {ergonomic}
     bool UseCompressedClassPointers               = true                                 {lp64_product} {ergonomic}
     bool UseCompressedOops                        = true                                 {lp64_product} {ergonomic}
     bool UseG1GC                                  = true                                      {product} {ergonomic}
     bool UseLargePagesIndividualAllocation        = false                                  {pd product} {ergonomic}

Logging:
Log output configuration:
 #0: stdout all=warning uptime,level,tags
 #1: stderr all=off uptime,level,tags

Environment Variables:
JAVA_HOME=C:\Program Files\Android\Android Studio\jre
PATH=C:\WINDOWS\system32;C:\WINDOWS;C:\WINDOWS\System32\Wbem;C:\WINDOWS\System32\WindowsPowerShell\v1.0\;C:\WINDOWS\System32\OpenSSH\;C:\Program Files\Microsoft SQL Server\130\Tools\Binn\;C:\Program Files\Microsoft SQL Server\Client SDK\ODBC\170\Tools\Binn\;C:\Program Files\dotnet\;C:\Program Files\nodejs\;C:\Program Files\Git\cmd;C:\Users\Dani1\AppData\Local\Microsoft\WindowsApps;C:\Users\Dani1\AppData\Local\Programs\Microsoft VS Code\bin;C:\Program Files\JetBrains\CLion 2020.2.4\bin;;C:\Users\Dani1\AppData\Local\atom\bin;C:\Users\Dani1\AppData\Local\Microsoft\WindowsApps;C:\Users\Dani1\.dotnet\tools;C:\Users\Dani1\AppData\Local\GitHubDesktop\bin;C:\Users\Dani1\AppData\Roaming\npm
USERNAME=Dani1
OS=Windows_NT
PROCESSOR_IDENTIFIER=Intel64 Family 6 Model 126 Stepping 5, GenuineIntel



---------------  S Y S T E M  ---------------

OS: Windows 10 , 64 bit Build 19041 (10.0.19041.1202)
OS uptime: 0 days 1:30 hours
Hyper-V role detected

CPU:total 8 (initial active 8) (4 cores per cpu, 2 threads per core) family 6 model 126 stepping 5 microcode 0xa6, cmov, cx8, fxsr, mmx, sse, sse2, sse3, ssse3, sse4.1, sse4.2, popcnt, avx, avx2, aes, clmul, erms, 3dnowpref, lzcnt, ht, tsc, tscinvbit, bmi1, bmi2, adx, evex, sha, fma

Memory: 4k page, system-wide physical 7967M (403M free)
TotalPageFile size 16159M (AvailPageFile size 6397M)
current process WorkingSet (physical memory assigned to process): 405M, peak: 409M
current process commit charge ("private bytes"): 443M, peak: 447M

vm_info: OpenJDK 64-Bit Server VM (11.0.10+0-b96-7249189) for windows-amd64 JRE (11.0.10+0-b96-7249189), built on Mar 31 2021 21:44:00 by "builder" with MS VC++ 14.0 (VS2015)

END.
