#
# A fatal error has been detected by the Java Runtime Environment:
#
#  EXCEPTION_ACCESS_VIOLATION (0xc0000005) at pc=0x00007ffd4b2fc9e6, pid=10324, tid=1900
#
# JRE version: OpenJDK Runtime Environment (11.0.10) (build 11.0.10+0-b96-7249189)
# Java VM: OpenJDK 64-Bit Server VM (11.0.10+0-b96-7249189, mixed mode, tiered, compressed oops, g1 gc, windows-amd64)
# Problematic frame:
# V  [jvm.dll+0x18c9e6]
#
# No core dump will be written. Minidumps are not enabled by default on client versions of Windows
#
# If you would like to submit a bug report, please visit:
#   https://bugreport.java.com/bugreport/crash.jsp
#

---------------  S U M M A R Y ------------

Command Line: --add-opens=java.base/java.util=ALL-UNNAMED --add-opens=java.base/java.lang=ALL-UNNAMED --add-opens=java.base/java.lang.invoke=ALL-UNNAMED --add-opens=java.base/java.util=ALL-UNNAMED --add-opens=java.prefs/java.util.prefs=ALL-UNNAMED --add-opens=java.prefs/java.util.prefs=ALL-UNNAMED --add-opens=java.base/java.nio.charset=ALL-UNNAMED --add-opens=java.base/java.net=ALL-UNNAMED --add-opens=java.base/java.util.concurrent.atomic=ALL-UNNAMED -Xmx2048m -Dfile.encoding=UTF-8 -Duser.country=IL -Duser.language=iw -Duser.variant org.gradle.launcher.daemon.bootstrap.GradleDaemon 7.0.2

Host: Intel(R) Core(TM) i5-1035G1 CPU @ 1.00GHz, 8 cores, 7G,  Windows 10 , 64 bit Build 19041 (10.0.19041.1202)
Time: Tue Oct 19 12:05:01 2021 שעון קיץ ירושלים elapsed time: 60.147740 seconds (0d 0h 1m 0s)

---------------  T H R E A D  ---------------

Current thread (0x0000027624a3c800):  ConcurrentGCThread "G1 Conc#1" [stack: 0x000000f906b00000,0x000000f906c00000] [id=1900]

Stack: [0x000000f906b00000,0x000000f906c00000],  sp=0x000000f906bffa58,  free space=1022k
Native frames: (J=compiled Java code, j=interpreted, Vv=VM code, C=native code)
V  [jvm.dll+0x18c9e6]


siginfo: EXCEPTION_ACCESS_VIOLATION (0xc0000005), reading address 0x0000000000000010


Register to memory mapping:

RIP=0x00007ffd4b2fc9e6 jvm.dll
RAX=0x1220001220024401 is an unknown value
RBX=0x000000008a862918 is pointing into object: java.lang.String 
{0x000000008a862908} - klass: 'java/lang/String'
RCX=0x000000008a862918 is pointing into object: java.lang.String 
{0x000000008a862908} - klass: 'java/lang/String'
RDX=0x000000008a862918 is pointing into object: java.lang.String 
{0x000000008a862908} - klass: 'java/lang/String'
RSP=0x000000f906bffa58 points into unknown readable memory: 0x00007ffd4b44a4ea | ea a4 44 4b fd 7f 00 00
RBP=0x000002760757ea90 points into unknown readable memory: 0x0000027607587800 | 00 78 58 07 76 02 00 00
RSI=0x0000000000000001 is an unknown value
RDI=0x0 is NULL
R8 =0x1220001220024400 is an unknown value
R9 =0x0000000000000008 is an unknown value
R10=0x000002760757ea90 points into unknown readable memory: 0x0000027607587800 | 00 78 58 07 76 02 00 00
R11=0x000002761af60000 points into unknown readable memory: 0x0000800000000001 | 01 00 00 00 00 80 00 00
R12=0x000000000000000c is an unknown value
R13=0xaaaaaaaaaaaaaaab is an unknown value
R14=0x0000000000000001 is an unknown value
R15=0x000000008a88afc8 is an oop: org.apache.xerces.dom.DeferredTextImpl 
{0x000000008a88afc8} - klass: 'org/apache/xerces/dom/DeferredTextImpl'


Registers:
RAX=0x1220001220024401, RBX=0x000000008a862918, RCX=0x000000008a862918, RDX=0x000000008a862918
RSP=0x000000f906bffa58, RBP=0x000002760757ea90, RSI=0x0000000000000001, RDI=0x0000000000000000
R8 =0x1220001220024400, R9 =0x0000000000000008, R10=0x000002760757ea90, R11=0x000002761af60000
R12=0x000000000000000c, R13=0xaaaaaaaaaaaaaaab, R14=0x0000000000000001, R15=0x000000008a88afc8
RIP=0x00007ffd4b2fc9e6, EFLAGS=0x0000000000010202

Top of Stack: (sp=0x000000f906bffa58)
0x000000f906bffa58:   00007ffd4b44a4ea 000000008a862918
0x000000f906bffa68:   0000000100e26178 0000027607590e50
0x000000f906bffa78:   000000f906bffc68 0000000100e26180
0x000000f906bffa88:   00007ffd4b44a396 0000000100e26178
0x000000f906bffa98:   000000008a862918 0000027607590e50
0x000000f906bffaa8:   000000f906bffc68 0000000000000000
0x000000f906bffab8:   000000008a86a990 000000008a88afe8
0x000000f906bffac8:   00007ffd4b4421ed 0000000000000005
0x000000f906bffad8:   000000008a88afdc 0000027607590e50
0x000000f906bffae8:   00007ffd4b75702c 000000f906bffc40
0x000000f906bffaf8:   0000027622f62501 0000000100e25a98
0x000000f906bffb08:   00007ffd4b441aa1 0000000000000005
0x000000f906bffb18:   000000f906bffc68 000000008a88afc8
0x000000f906bffb28:   0000000000000000 000000008a88afc8
0x000000f906bffb38:   00007ffd4b44ffcf 0000027607590e50
0x000000f906bffb48:   0000000001520000 000000f906bffc40 

Instructions: (pc=0x00007ffd4b2fc9e6)
0x00007ffd4b2fc8e6:   82 00 48 d3 e0 48 03 05 1e 22 82 00 eb 04 48 8b
0x00007ffd4b2fc8f6:   43 08 81 78 08 00 00 00 c0 73 7d 48 8b 4f 38 48
0x00007ffd4b2fc906:   8b d3 48 8b 01 ff 50 20 84 c0 75 6c 38 05 80 ac
0x00007ffd4b2fc916:   86 00 74 15 8b 53 08 8b 0d f5 21 82 00 48 d3 e2
0x00007ffd4b2fc926:   48 03 15 e3 21 82 00 eb 04 48 8b 53 08 48 8b cb
0x00007ffd4b2fc936:   48 89 5c 24 20 e8 a0 00 00 00 80 7f 30 00 48 63
0x00007ffd4b2fc946:   c8 48 89 4c 24 28 0f 28 44 24 20 74 17 0f 11 86
0x00007ffd4b2fc956:   98 03 00 00 48 8b 5c 24 40 48 8b 74 24 48 48 83
0x00007ffd4b2fc966:   c4 30 5f c3 48 8b 07 48 8d 54 24 20 48 8b cf 66
0x00007ffd4b2fc976:   0f 7f 44 24 20 ff 50 38 48 8b 5c 24 40 48 8b 74
0x00007ffd4b2fc986:   24 48 48 83 c4 30 5f c3 cc cc 48 8b 49 38 48 8b
0x00007ffd4b2fc996:   01 48 ff 60 28 cc cc cc cc cc 80 3d f1 ab 86 00
0x00007ffd4b2fc9a6:   00 48 8b c1 74 1b 8b 51 08 8b 0d 63 21 82 00 48
0x00007ffd4b2fc9b6:   d3 e2 48 8b c8 48 03 15 4e 21 82 00 e9 19 00 00
0x00007ffd4b2fc9c6:   00 48 8b 51 08 48 8b c8 e9 0d 00 00 00 cc cc cc
0x00007ffd4b2fc9d6:   cc cc cc cc cc cc cc cc cc cc 4c 8b ca 48 8b d1
0x00007ffd4b2fc9e6:   45 8b 41 08 45 85 c0 7e 0e 41 f6 c0 01 75 59 41
0x00007ffd4b2fc9f6:   c1 f8 03 41 8b c0 c3 79 4f 80 3d 92 ab 86 00 00
0x00007ffd4b2fca06:   b8 0c 00 00 00 b9 10 00 00 00 0f 45 c8 8b 05 ab
0x00007ffd4b2fca16:   6c 80 00 ff c8 4c 63 c8 48 63 c1 41 8b c8 83 e1
0x00007ffd4b2fca26:   3f 48 63 14 10 41 8b c0 48 c1 f8 10 0f b6 c0 48
0x00007ffd4b2fca36:   d3 e2 49 8d 0c 11 49 f7 d1 48 03 c1 49 c1 e9 03
0x00007ffd4b2fca46:   48 c1 e8 03 41 23 c1 c3 49 8b 01 49 8b c9 48 ff
0x00007ffd4b2fca56:   a0 10 01 00 00 cc cc cc cc cc 48 83 ec 38 0f 10
0x00007ffd4b2fca66:   02 48 8b 49 38 48 8d 54 24 20 0f 29 44 24 20 e8
0x00007ffd4b2fca76:   56 f0 ff ff 48 83 c4 38 c3 cc 48 89 5c 24 08 55
0x00007ffd4b2fca86:   56 57 41 54 41 55 41 56 41 57 48 8d 6c 24 e0 48
0x00007ffd4b2fca96:   81 ec 20 01 00 00 48 8b 05 5d a5 83 00 48 33 c4
0x00007ffd4b2fcaa6:   48 89 45 10 48 8b 05 df 15 86 00 45 33 ed 4c 8b
0x00007ffd4b2fcab6:   b5 80 00 00 00 4c 8b fa 48 8b bd 88 00 00 00 4d
0x00007ffd4b2fcac6:   8b c6 49 8b d6 49 8b f1 48 8b 48 38 48 8b 59 48
0x00007ffd4b2fcad6:   49 8b cf c7 45 c0 ff ff ff ff 44 89 6d d4 4c 89 


Stack slot to memory mapping:
stack at sp + 0 slots: 0x00007ffd4b44a4ea jvm.dll
stack at sp + 1 slots: 0x000000008a862918 is pointing into object: java.lang.String 
{0x000000008a862908} - klass: 'java/lang/String'
stack at sp + 2 slots: 0x0000000100e26178 is pointing into metadata
stack at sp + 3 slots: 0x0000027607590e50 points into unknown readable memory: 0x00007ffd4b98efa0 | a0 ef 98 4b fd 7f 00 00
stack at sp + 4 slots: 0x000000f906bffc68 points into unknown readable memory: 0x00007ffd4b98ef20 | 20 ef 98 4b fd 7f 00 00
stack at sp + 5 slots: 0x0000000100e26180 is a pointer to class: 
org.apache.xerces.dom.ElementDefinitionImpl {0x0000000100e26188}
stack at sp + 6 slots: 0x00007ffd4b44a396 jvm.dll
stack at sp + 7 slots: 0x0000000100e26178 is pointing into metadata


---------------  P R O C E S S  ---------------

Threads class SMR info:
_java_thread_list=0x000002762481be20, length=66, elements={
0x000002760753d000, 0x00000276219a4800, 0x00000276219a6000, 0x00000276219bd000,
0x00000276219c1000, 0x00000276219c4000, 0x00000276219c5000, 0x00000276219c7000,
0x00000276219c8800, 0x000002762248f000, 0x00000276257c3000, 0x00000276227a1000,
0x0000027623861800, 0x00000276248da000, 0x0000027624a79000, 0x0000027624537800,
0x000002762503d800, 0x0000027624e25000, 0x0000027624e25800, 0x00000276242c1000,
0x00000276242c2000, 0x00000276242c2800, 0x00000276242c3800, 0x00000276251cd000,
0x00000276251ca800, 0x00000276251c9800, 0x00000276251cb800, 0x00000276251c7800,
0x00000276251c8000, 0x00000276251cc000, 0x00000276251c9000, 0x0000027625f5b800,
0x0000027625f58000, 0x0000027625f5c000, 0x0000027625f56800, 0x0000027625f59000,
0x0000027625f5d000, 0x0000027625f5a000, 0x0000027625f5a800, 0x0000027625f57800,
0x0000027625f61000, 0x0000027625f62000, 0x0000027625f5f800, 0x0000027625f63000,
0x0000027625f60800, 0x0000027625f63800, 0x0000027625f5e000, 0x0000027625f64800,
0x0000027625f5e800, 0x0000027628d45800, 0x0000027628d43000, 0x0000027628d40800,
0x0000027628d44800, 0x0000027628d40000, 0x0000027628d46800, 0x0000027628d47000,
0x0000027628d41800, 0x0000027628d48000, 0x0000027628d42800, 0x0000027628d49800,
0x0000027628d4c000, 0x0000027628d4d800, 0x0000027628d4e800, 0x0000027628d4a800,
0x0000027628d4b000, 0x0000027628d4d000
}

Java Threads: ( => current thread )
  0x000002760753d000 JavaThread "main" [_thread_blocked, id=13696, stack(0x000000f904700000,0x000000f904800000)]
  0x00000276219a4800 JavaThread "Reference Handler" daemon [_thread_blocked, id=10988, stack(0x000000f904e00000,0x000000f904f00000)]
  0x00000276219a6000 JavaThread "Finalizer" daemon [_thread_blocked, id=11520, stack(0x000000f904f00000,0x000000f905000000)]
  0x00000276219bd000 JavaThread "Signal Dispatcher" daemon [_thread_blocked, id=8536, stack(0x000000f905000000,0x000000f905100000)]
  0x00000276219c1000 JavaThread "Attach Listener" daemon [_thread_blocked, id=12140, stack(0x000000f905100000,0x000000f905200000)]
  0x00000276219c4000 JavaThread "Service Thread" daemon [_thread_blocked, id=10144, stack(0x000000f905200000,0x000000f905300000)]
  0x00000276219c5000 JavaThread "C2 CompilerThread0" daemon [_thread_in_native, id=12896, stack(0x000000f905300000,0x000000f905400000)]
  0x00000276219c7000 JavaThread "C1 CompilerThread0" daemon [_thread_blocked, id=4544, stack(0x000000f905400000,0x000000f905500000)]
  0x00000276219c8800 JavaThread "Sweeper thread" daemon [_thread_blocked, id=1148, stack(0x000000f905500000,0x000000f905600000)]
  0x000002762248f000 JavaThread "Common-Cleaner" daemon [_thread_blocked, id=12040, stack(0x000000f905600000,0x000000f905700000)]
  0x00000276257c3000 JavaThread "Daemon health stats" [_thread_blocked, id=1616, stack(0x000000f905c00000,0x000000f905d00000)]
  0x00000276227a1000 JavaThread "Incoming local TCP Connector on port 49819" [_thread_in_native, id=10192, stack(0x000000f905800000,0x000000f905900000)]
  0x0000027623861800 JavaThread "Daemon periodic checks" [_thread_blocked, id=2028, stack(0x000000f905900000,0x000000f905a00000)]
  0x00000276248da000 JavaThread "Daemon" [_thread_blocked, id=8284, stack(0x000000f905d00000,0x000000f905e00000)]
  0x0000027624a79000 JavaThread "Handler for socket connection from /127.0.0.1:49819 to /127.0.0.1:49820" [_thread_in_native, id=12548, stack(0x000000f905e00000,0x000000f905f00000)]
  0x0000027624537800 JavaThread "Cancel handler" [_thread_blocked, id=4708, stack(0x000000f905f00000,0x000000f906000000)]
  0x000002762503d800 JavaThread "Daemon worker" [_thread_blocked, id=8480, stack(0x000000f906000000,0x000000f906100000)]
  0x0000027624e25000 JavaThread "Asynchronous log dispatcher for DefaultDaemonConnection: socket connection from /127.0.0.1:49819 to /127.0.0.1:49820" [_thread_blocked, id=13344, stack(0x000000f906100000,0x000000f906200000)]
  0x0000027624e25800 JavaThread "Stdin handler" [_thread_blocked, id=2092, stack(0x000000f906200000,0x000000f906300000)]
  0x00000276242c1000 JavaThread "Daemon client event forwarder" [_thread_blocked, id=11720, stack(0x000000f906300000,0x000000f906400000)]
  0x00000276242c2000 JavaThread "Cache worker for file hash cache (C:\Users\Dani1\.gradle\caches\7.0.2\fileHashes)" [_thread_blocked, id=2712, stack(0x000000f906900000,0x000000f906a00000)]
  0x00000276242c2800 JavaThread "File lock request listener" [_thread_in_native, id=9596, stack(0x000000f906a00000,0x000000f906b00000)]
  0x00000276242c3800 JavaThread "Cache worker for journal cache (C:\Users\Dani1\.gradle\caches\journal-1)" [_thread_blocked, id=12756, stack(0x000000f906c00000,0x000000f906d00000)]
  0x00000276251cd000 JavaThread "Cache worker for file hash cache (C:\Users\Dani1\AndroidStudioProjects\TopMovieDisplayer\.gradle\7.0.2\fileHashes)" [_thread_blocked, id=12744, stack(0x000000f906e00000,0x000000f906f00000)]
  0x00000276251ca800 JavaThread "File watcher server" daemon [_thread_in_native, id=9804, stack(0x000000f906f00000,0x000000f907000000)]
  0x00000276251c9800 JavaThread "File watcher consumer" daemon [_thread_blocked, id=12640, stack(0x000000f907000000,0x000000f907100000)]
  0x00000276251cb800 JavaThread "Cache worker for checksums cache (C:\Users\Dani1\AndroidStudioProjects\TopMovieDisplayer\.gradle\checksums)" [_thread_blocked, id=6552, stack(0x000000f907100000,0x000000f907200000)]
  0x00000276251c7800 JavaThread "Cache worker for cache directory md-supplier (C:\Users\Dani1\.gradle\caches\7.0.2\md-supplier)" [_thread_blocked, id=9968, stack(0x000000f907200000,0x000000f907300000)]
  0x00000276251c8000 JavaThread "Cache worker for cache directory md-rule (C:\Users\Dani1\.gradle\caches\7.0.2\md-rule)" [_thread_blocked, id=10424, stack(0x000000f907400000,0x000000f907500000)]
  0x00000276251cc000 JavaThread "Cache worker for execution history cache (C:\Users\Dani1\.gradle\caches\7.0.2\executionHistory)" [_thread_blocked, id=7028, stack(0x000000f907500000,0x000000f907600000)]
  0x00000276251c9000 JavaThread "jar transforms" [_thread_blocked, id=2832, stack(0x000000f907600000,0x000000f907700000)]
  0x0000027625f5b800 JavaThread "jar transforms Thread 2" [_thread_blocked, id=9908, stack(0x000000f907700000,0x000000f907800000)]
  0x0000027625f58000 JavaThread "Cache worker for file content cache (C:\Users\Dani1\.gradle\caches\7.0.2\fileContent)" [_thread_blocked, id=11916, stack(0x000000f907800000,0x000000f907900000)]
  0x0000027625f5c000 JavaThread "Cache worker for dependencies-accessors (C:\Users\Dani1\AndroidStudioProjects\TopMovieDisplayer\.gradle\7.0.2\dependencies-accessors)" [_thread_blocked, id=12032, stack(0x000000f907900000,0x000000f907a00000)]
  0x0000027625f56800 JavaThread "jar transforms Thread 3" [_thread_blocked, id=4996, stack(0x000000f907a00000,0x000000f907b00000)]
  0x0000027625f59000 JavaThread "Cache worker for Build Output Cleanup Cache (C:\Users\Dani1\AndroidStudioProjects\TopMovieDisplayer\.gradle\buildOutputCleanup)" [_thread_blocked, id=13688, stack(0x000000f907b00000,0x000000f907c00000)]
  0x0000027625f5d000 JavaThread "Build operations" [_thread_blocked, id=13668, stack(0x000000f907c00000,0x000000f907d00000)]
  0x0000027625f5a000 JavaThread "Build operations Thread 2" [_thread_blocked, id=13660, stack(0x000000f907d00000,0x000000f907e00000)]
  0x0000027625f5a800 JavaThread "Build operations Thread 3" [_thread_blocked, id=13684, stack(0x000000f907e00000,0x000000f907f00000)]
  0x0000027625f57800 JavaThread "Build operations Thread 4" [_thread_blocked, id=13680, stack(0x000000f907f00000,0x000000f908000000)]
  0x0000027625f61000 JavaThread "Build operations Thread 5" [_thread_blocked, id=13656, stack(0x000000f908000000,0x000000f908100000)]
  0x0000027625f62000 JavaThread "Build operations Thread 6" [_thread_blocked, id=10972, stack(0x000000f908100000,0x000000f908200000)]
  0x0000027625f5f800 JavaThread "Build operations Thread 7" [_thread_blocked, id=2440, stack(0x000000f908200000,0x000000f908300000)]
  0x0000027625f63000 JavaThread "Build operations Thread 8" [_thread_blocked, id=3368, stack(0x000000f908300000,0x000000f908400000)]
  0x0000027625f60800 JavaThread "jar transforms Thread 4" [_thread_blocked, id=4632, stack(0x000000f908400000,0x000000f908500000)]
  0x0000027625f63800 JavaThread "jar transforms Thread 5" [_thread_blocked, id=11420, stack(0x000000f908500000,0x000000f908600000)]
  0x0000027625f5e000 JavaThread "jar transforms Thread 6" [_thread_blocked, id=1600, stack(0x000000f908600000,0x000000f908700000)]
  0x0000027625f64800 JavaThread "jar transforms Thread 7" [_thread_blocked, id=11900, stack(0x000000f908700000,0x000000f908800000)]
  0x0000027625f5e800 JavaThread "jar transforms Thread 8" [_thread_blocked, id=2176, stack(0x000000f908800000,0x000000f908900000)]
  0x0000027628d45800 JavaThread "Memory manager" [_thread_blocked, id=4140, stack(0x000000f908900000,0x000000f908a00000)]
  0x0000027628d43000 JavaThread "build event listener" [_thread_blocked, id=13176, stack(0x000000f908a00000,0x000000f908b00000)]
  0x0000027628d40800 JavaThread "Execution worker for ':'" [_thread_blocked, id=5292, stack(0x000000f908b00000,0x000000f908c00000)]
  0x0000027628d44800 JavaThread "Execution worker for ':' Thread 2" [_thread_in_Java, id=4984, stack(0x000000f908c00000,0x000000f908d00000)]
  0x0000027628d40000 JavaThread "Execution worker for ':' Thread 3" [_thread_blocked, id=9740, stack(0x000000f908d00000,0x000000f908e00000)]
  0x0000027628d46800 JavaThread "Execution worker for ':' Thread 4" [_thread_blocked, id=9236, stack(0x000000f908e00000,0x000000f908f00000)]
  0x0000027628d47000 JavaThread "Execution worker for ':' Thread 5" [_thread_blocked, id=8564, stack(0x000000f908f00000,0x000000f909000000)]
  0x0000027628d41800 JavaThread "Execution worker for ':' Thread 6" [_thread_blocked, id=5440, stack(0x000000f909000000,0x000000f909100000)]
  0x0000027628d48000 JavaThread "Execution worker for ':' Thread 7" [_thread_blocked, id=5556, stack(0x000000f909100000,0x000000f909200000)]
  0x0000027628d42800 JavaThread "Cache worker for execution history cache (C:\Users\Dani1\AndroidStudioProjects\TopMovieDisplayer\.gradle\7.0.2\executionHistory)" [_thread_blocked, id=8832, stack(0x000000f909200000,0x000000f909300000)]
  0x0000027628d49800 JavaThread "RMI Scheduler(0)" daemon [_thread_blocked, id=9224, stack(0x000000f906d00000,0x000000f906e00000)]
  0x0000027628d4c000 JavaThread "RMI GC Daemon" daemon [_thread_blocked, id=14096, stack(0x000000f909300000,0x000000f909400000)]
  0x0000027628d4d800 JavaThread "RMI TCP Accept-0" daemon [_thread_in_native, id=2372, stack(0x000000f909400000,0x000000f909500000)]
  0x0000027628d4e800 JavaThread "RMI Reaper" [_thread_blocked, id=5476, stack(0x000000f909500000,0x000000f909600000)]
  0x0000027628d4a800 JavaThread "RMI TCP Connection(2)-127.0.0.1" daemon [_thread_in_native, id=3912, stack(0x000000f909700000,0x000000f909800000)]
  0x0000027628d4b000 JavaThread "Cache worker for Java compile cache (C:\Users\Dani1\.gradle\caches\7.0.2\javaCompile)" [_thread_blocked, id=8992, stack(0x000000f909900000,0x000000f909a00000)]
  0x0000027628d4d000 JavaThread "Cache worker for Java compile cache (C:\Users\Dani1\AndroidStudioProjects\TopMovieDisplayer\.gradle\7.0.2\javaCompile)" [_thread_blocked, id=13580, stack(0x000000f909a00000,0x000000f909b00000)]

Other Threads:
  0x000002762199d800 VMThread "VM Thread" [stack: 0x000000f904d00000,0x000000f904e00000] [id=9776]
  0x00000276224a0800 WatcherThread [stack: 0x000000f905700000,0x000000f905800000] [id=13920]
  0x0000027607555800 GCTaskThread "GC Thread#0" [stack: 0x000000f904800000,0x000000f904900000] [id=13720]
  0x0000027623144000 GCTaskThread "GC Thread#1" [stack: 0x000000f905a00000,0x000000f905b00000] [id=5908]
  0x000002762348d000 GCTaskThread "GC Thread#2" [stack: 0x000000f905b00000,0x000000f905c00000] [id=5740]
  0x000002762494e800 GCTaskThread "GC Thread#3" [stack: 0x000000f906400000,0x000000f906500000] [id=13236]
  0x0000027624d13000 GCTaskThread "GC Thread#4" [stack: 0x000000f906500000,0x000000f906600000] [id=9960]
  0x0000027624d0f000 GCTaskThread "GC Thread#5" [stack: 0x000000f906600000,0x000000f906700000] [id=1836]
  0x0000027624464800 GCTaskThread "GC Thread#6" [stack: 0x000000f906700000,0x000000f906800000] [id=10196]
  0x0000027624465000 GCTaskThread "GC Thread#7" [stack: 0x000000f906800000,0x000000f906900000] [id=9932]
  0x0000027607587800 ConcurrentGCThread "G1 Main Marker" [stack: 0x000000f904900000,0x000000f904a00000] [id=11180]
  0x0000027607589000 ConcurrentGCThread "G1 Conc#0" [stack: 0x000000f904a00000,0x000000f904b00000] [id=13760]
=>0x0000027624a3c800 ConcurrentGCThread "G1 Conc#1" [stack: 0x000000f906b00000,0x000000f906c00000] [id=1900]
  0x00000276217f0800 ConcurrentGCThread "G1 Refine#0" [stack: 0x000000f904b00000,0x000000f904c00000] [id=2444]
  0x000002762e0f3800 ConcurrentGCThread "G1 Refine#1" [stack: 0x000000f909b00000,0x000000f909c00000] [id=14560]
  0x00000276281c9000 ConcurrentGCThread "G1 Refine#2" [stack: 0x000000f909c00000,0x000000f909d00000] [id=14564]
  0x00000276217f1000 ConcurrentGCThread "G1 Young RemSet Sampling" [stack: 0x000000f904c00000,0x000000f904d00000] [id=596]

Threads with active compile tasks:
C2 CompilerThread0  60201 12101 %     4       android.databinding.tool.reflection.SdkUtil$ApiChecker::buildFullLookup @ 124 (252 bytes)

VM state:not at safepoint (normal execution)

VM Mutex/Monitor currently owned by a thread: None

Heap address: 0x0000000080000000, size: 2048 MB, Compressed Oops mode: 32-bit
Narrow klass base: 0x0000000000000000, Narrow klass shift: 3
Compressed class space size: 1073741824 Address: 0x0000000100000000

Heap:
 garbage-first heap   total 204800K, used 202619K [0x0000000080000000, 0x0000000100000000)
  region size 1024K, 10 young (10240K), 2 survivors (2048K)
 Metaspace       used 104822K, capacity 107338K, committed 108108K, reserved 1142784K
  class space    used 13458K, capacity 14383K, committed 14668K, reserved 1048576K
Heap Regions: E=young(eden), S=young(survivor), O=old, HS=humongous(starts), HC=humongous(continues), CS=collection set, F=free, A=archive, TAMS=top-at-mark-start (previous, next)
|   0|0x0000000080000000, 0x0000000080100000, 0x0000000080100000|100%| O|  |TAMS 0x0000000080100000, 0x0000000080100000| Untracked 
|   1|0x0000000080100000, 0x0000000080200000, 0x0000000080200000|100%| O|  |TAMS 0x0000000080200000, 0x0000000080200000| Untracked 
|   2|0x0000000080200000, 0x0000000080300000, 0x0000000080300000|100%| O|  |TAMS 0x0000000080300000, 0x0000000080300000| Untracked 
|   3|0x0000000080300000, 0x0000000080400000, 0x0000000080400000|100%|HS|  |TAMS 0x0000000080400000, 0x0000000080400000| Complete 
|   4|0x0000000080400000, 0x0000000080500000, 0x0000000080500000|100%|HC|  |TAMS 0x0000000080500000, 0x0000000080500000| Complete 
|   5|0x0000000080500000, 0x0000000080600000, 0x0000000080600000|100%|HC|  |TAMS 0x0000000080600000, 0x0000000080600000| Complete 
|   6|0x0000000080600000, 0x0000000080700000, 0x0000000080700000|100%| O|  |TAMS 0x0000000080700000, 0x0000000080700000| Untracked 
|   7|0x0000000080700000, 0x0000000080800000, 0x0000000080800000|100%| O|  |TAMS 0x0000000080800000, 0x0000000080800000| Untracked 
|   8|0x0000000080800000, 0x0000000080900000, 0x0000000080900000|100%| O|  |TAMS 0x0000000080900000, 0x0000000080900000| Untracked 
|   9|0x0000000080900000, 0x0000000080a00000, 0x0000000080a00000|100%| O|  |TAMS 0x0000000080a00000, 0x0000000080a00000| Untracked 
|  10|0x0000000080a00000, 0x0000000080b00000, 0x0000000080b00000|100%| O|  |TAMS 0x0000000080b00000, 0x0000000080b00000| Untracked 
|  11|0x0000000080b00000, 0x0000000080c00000, 0x0000000080c00000|100%| O|  |TAMS 0x0000000080c00000, 0x0000000080c00000| Untracked 
|  12|0x0000000080c00000, 0x0000000080d00000, 0x0000000080d00000|100%| O|  |TAMS 0x0000000080d00000, 0x0000000080d00000| Untracked 
|  13|0x0000000080d00000, 0x0000000080e00000, 0x0000000080e00000|100%| O|  |TAMS 0x0000000080e00000, 0x0000000080e00000| Untracked 
|  14|0x0000000080e00000, 0x0000000080f00000, 0x0000000080f00000|100%| O|  |TAMS 0x0000000080f00000, 0x0000000080f00000| Untracked 
|  15|0x0000000080f00000, 0x0000000081000000, 0x0000000081000000|100%| O|  |TAMS 0x0000000081000000, 0x0000000081000000| Untracked 
|  16|0x0000000081000000, 0x0000000081100000, 0x0000000081100000|100%| O|  |TAMS 0x0000000081100000, 0x0000000081100000| Untracked 
|  17|0x0000000081100000, 0x0000000081200000, 0x0000000081200000|100%|HS|  |TAMS 0x0000000081200000, 0x0000000081200000| Complete 
|  18|0x0000000081200000, 0x0000000081300000, 0x0000000081300000|100%| O|  |TAMS 0x0000000081300000, 0x0000000081300000| Untracked 
|  19|0x0000000081300000, 0x0000000081400000, 0x0000000081400000|100%| O|  |TAMS 0x0000000081400000, 0x0000000081400000| Untracked 
|  20|0x0000000081400000, 0x0000000081500000, 0x0000000081500000|100%| O|  |TAMS 0x0000000081500000, 0x0000000081500000| Untracked 
|  21|0x0000000081500000, 0x0000000081600000, 0x0000000081600000|100%| O|  |TAMS 0x0000000081600000, 0x0000000081600000| Untracked 
|  22|0x0000000081600000, 0x0000000081700000, 0x0000000081700000|100%| O|  |TAMS 0x0000000081700000, 0x0000000081700000| Untracked 
|  23|0x0000000081700000, 0x0000000081800000, 0x0000000081800000|100%| O|  |TAMS 0x0000000081800000, 0x0000000081800000| Untracked 
|  24|0x0000000081800000, 0x0000000081900000, 0x0000000081900000|100%| O|  |TAMS 0x0000000081900000, 0x0000000081900000| Untracked 
|  25|0x0000000081900000, 0x0000000081a00000, 0x0000000081a00000|100%| O|  |TAMS 0x0000000081a00000, 0x0000000081a00000| Untracked 
|  26|0x0000000081a00000, 0x0000000081b00000, 0x0000000081b00000|100%| O|  |TAMS 0x0000000081b00000, 0x0000000081b00000| Untracked 
|  27|0x0000000081b00000, 0x0000000081c00000, 0x0000000081c00000|100%| O|  |TAMS 0x0000000081c00000, 0x0000000081c00000| Untracked 
|  28|0x0000000081c00000, 0x0000000081d00000, 0x0000000081d00000|100%|HS|  |TAMS 0x0000000081d00000, 0x0000000081d00000| Complete 
|  29|0x0000000081d00000, 0x0000000081e00000, 0x0000000081e00000|100%|HS|  |TAMS 0x0000000081e00000, 0x0000000081e00000| Complete 
|  30|0x0000000081e00000, 0x0000000081f00000, 0x0000000081f00000|100%|HS|  |TAMS 0x0000000081f00000, 0x0000000081f00000| Complete 
|  31|0x0000000081f00000, 0x0000000082000000, 0x0000000082000000|100%|HC|  |TAMS 0x0000000082000000, 0x0000000082000000| Complete 
|  32|0x0000000082000000, 0x0000000082100000, 0x0000000082100000|100%|HC|  |TAMS 0x0000000082100000, 0x0000000082100000| Complete 
|  33|0x0000000082100000, 0x0000000082200000, 0x0000000082200000|100%| O|  |TAMS 0x0000000082200000, 0x0000000082200000| Untracked 
|  34|0x0000000082200000, 0x0000000082300000, 0x0000000082300000|100%| O|  |TAMS 0x0000000082300000, 0x0000000082300000| Untracked 
|  35|0x0000000082300000, 0x0000000082400000, 0x0000000082400000|100%|HS|  |TAMS 0x0000000082400000, 0x0000000082400000| Complete 
|  36|0x0000000082400000, 0x0000000082500000, 0x0000000082500000|100%|HC|  |TAMS 0x0000000082500000, 0x0000000082500000| Complete 
|  37|0x0000000082500000, 0x0000000082600000, 0x0000000082600000|100%| O|  |TAMS 0x0000000082600000, 0x0000000082600000| Untracked 
|  38|0x0000000082600000, 0x0000000082700000, 0x0000000082700000|100%| O|  |TAMS 0x0000000082700000, 0x0000000082700000| Untracked 
|  39|0x0000000082700000, 0x0000000082800000, 0x0000000082800000|100%| O|  |TAMS 0x0000000082800000, 0x0000000082800000| Untracked 
|  40|0x0000000082800000, 0x0000000082900000, 0x0000000082900000|100%| O|  |TAMS 0x0000000082900000, 0x0000000082900000| Untracked 
|  41|0x0000000082900000, 0x0000000082a00000, 0x0000000082a00000|100%| O|  |TAMS 0x0000000082a00000, 0x0000000082a00000| Untracked 
|  42|0x0000000082a00000, 0x0000000082b00000, 0x0000000082b00000|100%| O|  |TAMS 0x0000000082b00000, 0x0000000082b00000| Untracked 
|  43|0x0000000082b00000, 0x0000000082c00000, 0x0000000082c00000|100%| O|  |TAMS 0x0000000082c00000, 0x0000000082c00000| Untracked 
|  44|0x0000000082c00000, 0x0000000082d00000, 0x0000000082d00000|100%| O|  |TAMS 0x0000000082d00000, 0x0000000082d00000| Untracked 
|  45|0x0000000082d00000, 0x0000000082e00000, 0x0000000082e00000|100%| O|  |TAMS 0x0000000082e00000, 0x0000000082e00000| Untracked 
|  46|0x0000000082e00000, 0x0000000082f00000, 0x0000000082f00000|100%| O|  |TAMS 0x0000000082f00000, 0x0000000082f00000| Untracked 
|  47|0x0000000082f00000, 0x0000000083000000, 0x0000000083000000|100%| O|  |TAMS 0x0000000083000000, 0x0000000083000000| Untracked 
|  48|0x0000000083000000, 0x0000000083100000, 0x0000000083100000|100%| O|  |TAMS 0x0000000083100000, 0x0000000083100000| Untracked 
|  49|0x0000000083100000, 0x0000000083200000, 0x0000000083200000|100%| O|  |TAMS 0x0000000083200000, 0x0000000083200000| Untracked 
|  50|0x0000000083200000, 0x0000000083300000, 0x0000000083300000|100%| O|  |TAMS 0x0000000083300000, 0x0000000083300000| Untracked 
|  51|0x0000000083300000, 0x0000000083400000, 0x0000000083400000|100%| O|  |TAMS 0x0000000083400000, 0x0000000083400000| Untracked 
|  52|0x0000000083400000, 0x0000000083500000, 0x0000000083500000|100%| O|  |TAMS 0x0000000083500000, 0x0000000083500000| Untracked 
|  53|0x0000000083500000, 0x0000000083600000, 0x0000000083600000|100%| O|  |TAMS 0x0000000083600000, 0x0000000083600000| Untracked 
|  54|0x0000000083600000, 0x0000000083700000, 0x0000000083700000|100%| O|  |TAMS 0x0000000083700000, 0x0000000083700000| Untracked 
|  55|0x0000000083700000, 0x0000000083800000, 0x0000000083800000|100%| O|  |TAMS 0x0000000083800000, 0x0000000083800000| Untracked 
|  56|0x0000000083800000, 0x0000000083900000, 0x0000000083900000|100%| O|  |TAMS 0x0000000083900000, 0x0000000083900000| Untracked 
|  57|0x0000000083900000, 0x0000000083a00000, 0x0000000083a00000|100%| O|  |TAMS 0x0000000083a00000, 0x0000000083a00000| Untracked 
|  58|0x0000000083a00000, 0x0000000083b00000, 0x0000000083b00000|100%| O|  |TAMS 0x0000000083b00000, 0x0000000083b00000| Untracked 
|  59|0x0000000083b00000, 0x0000000083c00000, 0x0000000083c00000|100%| O|  |TAMS 0x0000000083c00000, 0x0000000083c00000| Untracked 
|  60|0x0000000083c00000, 0x0000000083d00000, 0x0000000083d00000|100%| O|  |TAMS 0x0000000083d00000, 0x0000000083d00000| Untracked 
|  61|0x0000000083d00000, 0x0000000083e00000, 0x0000000083e00000|100%| O|  |TAMS 0x0000000083e00000, 0x0000000083e00000| Untracked 
|  62|0x0000000083e00000, 0x0000000083f00000, 0x0000000083f00000|100%| O|  |TAMS 0x0000000083f00000, 0x0000000083f00000| Untracked 
|  63|0x0000000083f00000, 0x0000000084000000, 0x0000000084000000|100%| O|  |TAMS 0x0000000084000000, 0x0000000084000000| Untracked 
|  64|0x0000000084000000, 0x0000000084100000, 0x0000000084100000|100%| O|  |TAMS 0x0000000084100000, 0x0000000084100000| Untracked 
|  65|0x0000000084100000, 0x0000000084200000, 0x0000000084200000|100%| O|  |TAMS 0x0000000084200000, 0x0000000084200000| Untracked 
|  66|0x0000000084200000, 0x0000000084300000, 0x0000000084300000|100%| O|  |TAMS 0x0000000084300000, 0x0000000084300000| Untracked 
|  67|0x0000000084300000, 0x0000000084400000, 0x0000000084400000|100%| O|  |TAMS 0x0000000084400000, 0x0000000084400000| Untracked 
|  68|0x0000000084400000, 0x0000000084500000, 0x0000000084500000|100%| O|  |TAMS 0x0000000084500000, 0x0000000084500000| Untracked 
|  69|0x0000000084500000, 0x0000000084600000, 0x0000000084600000|100%| O|  |TAMS 0x0000000084600000, 0x0000000084600000| Untracked 
|  70|0x0000000084600000, 0x0000000084700000, 0x0000000084700000|100%| O|  |TAMS 0x0000000084700000, 0x0000000084700000| Untracked 
|  71|0x0000000084700000, 0x0000000084800000, 0x0000000084800000|100%| O|  |TAMS 0x0000000084800000, 0x0000000084800000| Untracked 
|  72|0x0000000084800000, 0x0000000084900000, 0x0000000084900000|100%| O|  |TAMS 0x0000000084900000, 0x0000000084900000| Untracked 
|  73|0x0000000084900000, 0x0000000084a00000, 0x0000000084a00000|100%| O|  |TAMS 0x0000000084a00000, 0x0000000084a00000| Untracked 
|  74|0x0000000084a00000, 0x0000000084b00000, 0x0000000084b00000|100%| O|  |TAMS 0x0000000084b00000, 0x0000000084b00000| Untracked 
|  75|0x0000000084b00000, 0x0000000084c00000, 0x0000000084c00000|100%| O|  |TAMS 0x0000000084c00000, 0x0000000084c00000| Untracked 
|  76|0x0000000084c00000, 0x0000000084d00000, 0x0000000084d00000|100%| O|  |TAMS 0x0000000084d00000, 0x0000000084d00000| Untracked 
|  77|0x0000000084d00000, 0x0000000084e00000, 0x0000000084e00000|100%| O|  |TAMS 0x0000000084e00000, 0x0000000084e00000| Untracked 
|  78|0x0000000084e00000, 0x0000000084f00000, 0x0000000084f00000|100%| O|  |TAMS 0x0000000084f00000, 0x0000000084f00000| Untracked 
|  79|0x0000000084f00000, 0x0000000085000000, 0x0000000085000000|100%|HS|  |TAMS 0x0000000085000000, 0x0000000085000000| Complete 
|  80|0x0000000085000000, 0x0000000085100000, 0x0000000085100000|100%|HC|  |TAMS 0x0000000085100000, 0x0000000085100000| Complete 
|  81|0x0000000085100000, 0x0000000085200000, 0x0000000085200000|100%| O|  |TAMS 0x0000000085200000, 0x0000000085200000| Untracked 
|  82|0x0000000085200000, 0x0000000085300000, 0x0000000085300000|100%| O|  |TAMS 0x0000000085300000, 0x0000000085300000| Untracked 
|  83|0x0000000085300000, 0x0000000085400000, 0x0000000085400000|100%| O|  |TAMS 0x0000000085400000, 0x0000000085400000| Untracked 
|  84|0x0000000085400000, 0x0000000085500000, 0x0000000085500000|100%| O|  |TAMS 0x0000000085500000, 0x0000000085500000| Untracked 
|  85|0x0000000085500000, 0x0000000085600000, 0x0000000085600000|100%| O|  |TAMS 0x0000000085600000, 0x0000000085600000| Untracked 
|  86|0x0000000085600000, 0x0000000085700000, 0x0000000085700000|100%| O|  |TAMS 0x0000000085700000, 0x0000000085700000| Untracked 
|  87|0x0000000085700000, 0x0000000085800000, 0x0000000085800000|100%| O|  |TAMS 0x0000000085800000, 0x0000000085800000| Untracked 
|  88|0x0000000085800000, 0x0000000085900000, 0x0000000085900000|100%| O|  |TAMS 0x0000000085900000, 0x0000000085900000| Untracked 
|  89|0x0000000085900000, 0x0000000085a00000, 0x0000000085a00000|100%| O|  |TAMS 0x0000000085a00000, 0x0000000085a00000| Untracked 
|  90|0x0000000085a00000, 0x0000000085b00000, 0x0000000085b00000|100%| O|  |TAMS 0x0000000085b00000, 0x0000000085b00000| Untracked 
|  91|0x0000000085b00000, 0x0000000085c00000, 0x0000000085c00000|100%| O|  |TAMS 0x0000000085c00000, 0x0000000085c00000| Untracked 
|  92|0x0000000085c00000, 0x0000000085d00000, 0x0000000085d00000|100%| O|  |TAMS 0x0000000085d00000, 0x0000000085d00000| Untracked 
|  93|0x0000000085d00000, 0x0000000085e00000, 0x0000000085e00000|100%| O|  |TAMS 0x0000000085e00000, 0x0000000085e00000| Untracked 
|  94|0x0000000085e00000, 0x0000000085f00000, 0x0000000085f00000|100%| O|  |TAMS 0x0000000085f00000, 0x0000000085f00000| Untracked 
|  95|0x0000000085f00000, 0x0000000086000000, 0x0000000086000000|100%| O|  |TAMS 0x0000000086000000, 0x0000000086000000| Untracked 
|  96|0x0000000086000000, 0x0000000086100000, 0x0000000086100000|100%| O|  |TAMS 0x0000000086100000, 0x0000000086100000| Untracked 
|  97|0x0000000086100000, 0x0000000086200000, 0x0000000086200000|100%| O|  |TAMS 0x0000000086200000, 0x0000000086200000| Untracked 
|  98|0x0000000086200000, 0x0000000086300000, 0x0000000086300000|100%| O|  |TAMS 0x0000000086300000, 0x0000000086300000| Untracked 
|  99|0x0000000086300000, 0x0000000086400000, 0x0000000086400000|100%| O|  |TAMS 0x0000000086400000, 0x0000000086400000| Untracked 
| 100|0x0000000086400000, 0x0000000086500000, 0x0000000086500000|100%| O|  |TAMS 0x0000000086500000, 0x0000000086500000| Untracked 
| 101|0x0000000086500000, 0x0000000086600000, 0x0000000086600000|100%| O|  |TAMS 0x0000000086600000, 0x0000000086600000| Untracked 
| 102|0x0000000086600000, 0x0000000086700000, 0x0000000086700000|100%| O|  |TAMS 0x0000000086700000, 0x0000000086700000| Untracked 
| 103|0x0000000086700000, 0x0000000086800000, 0x0000000086800000|100%| O|  |TAMS 0x0000000086800000, 0x0000000086800000| Untracked 
| 104|0x0000000086800000, 0x0000000086900000, 0x0000000086900000|100%| O|  |TAMS 0x0000000086900000, 0x0000000086900000| Untracked 
| 105|0x0000000086900000, 0x0000000086a00000, 0x0000000086a00000|100%| O|  |TAMS 0x0000000086a00000, 0x0000000086a00000| Untracked 
| 106|0x0000000086a00000, 0x0000000086b00000, 0x0000000086b00000|100%| O|  |TAMS 0x0000000086b00000, 0x0000000086b00000| Untracked 
| 107|0x0000000086b00000, 0x0000000086c00000, 0x0000000086c00000|100%| O|  |TAMS 0x0000000086c00000, 0x0000000086c00000| Untracked 
| 108|0x0000000086c00000, 0x0000000086d00000, 0x0000000086d00000|100%| O|  |TAMS 0x0000000086d00000, 0x0000000086d00000| Untracked 
| 109|0x0000000086d00000, 0x0000000086e00000, 0x0000000086e00000|100%| O|  |TAMS 0x0000000086e00000, 0x0000000086e00000| Untracked 
| 110|0x0000000086e00000, 0x0000000086f00000, 0x0000000086f00000|100%| O|  |TAMS 0x0000000086f00000, 0x0000000086f00000| Untracked 
| 111|0x0000000086f00000, 0x0000000087000000, 0x0000000087000000|100%| O|  |TAMS 0x0000000087000000, 0x0000000087000000| Untracked 
| 112|0x0000000087000000, 0x0000000087100000, 0x0000000087100000|100%| O|  |TAMS 0x0000000087100000, 0x0000000087100000| Untracked 
| 113|0x0000000087100000, 0x0000000087200000, 0x0000000087200000|100%| O|  |TAMS 0x0000000087200000, 0x0000000087200000| Untracked 
| 114|0x0000000087200000, 0x0000000087300000, 0x0000000087300000|100%| O|  |TAMS 0x0000000087300000, 0x0000000087300000| Untracked 
| 115|0x0000000087300000, 0x0000000087400000, 0x0000000087400000|100%| O|  |TAMS 0x0000000087400000, 0x0000000087400000| Untracked 
| 116|0x0000000087400000, 0x0000000087500000, 0x0000000087500000|100%| O|  |TAMS 0x0000000087500000, 0x0000000087500000| Untracked 
| 117|0x0000000087500000, 0x0000000087600000, 0x0000000087600000|100%| O|  |TAMS 0x0000000087600000, 0x0000000087600000| Untracked 
| 118|0x0000000087600000, 0x0000000087700000, 0x0000000087700000|100%| O|  |TAMS 0x0000000087700000, 0x0000000087700000| Untracked 
| 119|0x0000000087700000, 0x0000000087800000, 0x0000000087800000|100%| O|  |TAMS 0x0000000087800000, 0x0000000087800000| Untracked 
| 120|0x0000000087800000, 0x0000000087900000, 0x0000000087900000|100%| O|  |TAMS 0x0000000087900000, 0x0000000087900000| Untracked 
| 121|0x0000000087900000, 0x0000000087a00000, 0x0000000087a00000|100%| O|  |TAMS 0x0000000087a00000, 0x0000000087a00000| Untracked 
| 122|0x0000000087a00000, 0x0000000087b00000, 0x0000000087b00000|100%| O|  |TAMS 0x0000000087b00000, 0x0000000087b00000| Untracked 
| 123|0x0000000087b00000, 0x0000000087c00000, 0x0000000087c00000|100%| O|  |TAMS 0x0000000087c00000, 0x0000000087c00000| Untracked 
| 124|0x0000000087c00000, 0x0000000087d00000, 0x0000000087d00000|100%| O|  |TAMS 0x0000000087d00000, 0x0000000087d00000| Untracked 
| 125|0x0000000087d00000, 0x0000000087e00000, 0x0000000087e00000|100%| O|  |TAMS 0x0000000087e00000, 0x0000000087e00000| Untracked 
| 126|0x0000000087e00000, 0x0000000087f00000, 0x0000000087f00000|100%| O|  |TAMS 0x0000000087f00000, 0x0000000087f00000| Untracked 
| 127|0x0000000087f00000, 0x0000000088000000, 0x0000000088000000|100%| O|  |TAMS 0x0000000088000000, 0x0000000088000000| Untracked 
| 128|0x0000000088000000, 0x0000000088100000, 0x0000000088100000|100%| O|  |TAMS 0x0000000088100000, 0x0000000088100000| Untracked 
| 129|0x0000000088100000, 0x0000000088200000, 0x0000000088200000|100%| O|  |TAMS 0x0000000088200000, 0x0000000088200000| Untracked 
| 130|0x0000000088200000, 0x0000000088300000, 0x0000000088300000|100%| O|  |TAMS 0x0000000088300000, 0x0000000088300000| Untracked 
| 131|0x0000000088300000, 0x0000000088400000, 0x0000000088400000|100%| O|  |TAMS 0x0000000088400000, 0x0000000088400000| Untracked 
| 132|0x0000000088400000, 0x0000000088500000, 0x0000000088500000|100%| O|  |TAMS 0x0000000088500000, 0x0000000088500000| Untracked 
| 133|0x0000000088500000, 0x0000000088600000, 0x0000000088600000|100%| O|  |TAMS 0x0000000088600000, 0x0000000088600000| Untracked 
| 134|0x0000000088600000, 0x0000000088700000, 0x0000000088700000|100%| O|  |TAMS 0x0000000088700000, 0x0000000088700000| Untracked 
| 135|0x0000000088700000, 0x0000000088800000, 0x0000000088800000|100%| O|  |TAMS 0x0000000088800000, 0x0000000088800000| Untracked 
| 136|0x0000000088800000, 0x0000000088900000, 0x0000000088900000|100%| O|  |TAMS 0x0000000088900000, 0x0000000088900000| Untracked 
| 137|0x0000000088900000, 0x0000000088a00000, 0x0000000088a00000|100%| O|  |TAMS 0x0000000088a00000, 0x0000000088a00000| Untracked 
| 138|0x0000000088a00000, 0x0000000088b00000, 0x0000000088b00000|100%| O|  |TAMS 0x0000000088b00000, 0x0000000088b00000| Untracked 
| 139|0x0000000088b00000, 0x0000000088c00000, 0x0000000088c00000|100%| O|  |TAMS 0x0000000088b00000, 0x0000000088c00000| Untracked 
| 140|0x0000000088c00000, 0x0000000088d00000, 0x0000000088d00000|100%| O|  |TAMS 0x0000000088d00000, 0x0000000088d00000| Untracked 
| 141|0x0000000088d00000, 0x0000000088e00000, 0x0000000088e00000|100%| O|  |TAMS 0x0000000088e00000, 0x0000000088e00000| Untracked 
| 142|0x0000000088e00000, 0x0000000088f00000, 0x0000000088f00000|100%| O|  |TAMS 0x0000000088f00000, 0x0000000088f00000| Untracked 
| 143|0x0000000088f00000, 0x0000000089000000, 0x0000000089000000|100%| O|  |TAMS 0x0000000089000000, 0x0000000089000000| Untracked 
| 144|0x0000000089000000, 0x0000000089100000, 0x0000000089100000|100%| O|  |TAMS 0x0000000089100000, 0x0000000089100000| Untracked 
| 145|0x0000000089100000, 0x0000000089200000, 0x0000000089200000|100%| O|  |TAMS 0x0000000089100000, 0x0000000089200000| Untracked 
| 146|0x0000000089200000, 0x0000000089300000, 0x0000000089300000|100%| O|  |TAMS 0x0000000089200000, 0x0000000089300000| Untracked 
| 147|0x0000000089300000, 0x0000000089400000, 0x0000000089400000|100%| O|  |TAMS 0x0000000089300000, 0x0000000089400000| Untracked 
| 148|0x0000000089400000, 0x0000000089500000, 0x0000000089500000|100%| O|  |TAMS 0x0000000089400000, 0x0000000089500000| Untracked 
| 149|0x0000000089500000, 0x0000000089600000, 0x0000000089600000|100%| O|  |TAMS 0x0000000089500000, 0x0000000089600000| Untracked 
| 150|0x0000000089600000, 0x0000000089700000, 0x0000000089700000|100%| O|  |TAMS 0x0000000089600000, 0x0000000089700000| Untracked 
| 151|0x0000000089700000, 0x0000000089800000, 0x0000000089800000|100%| O|  |TAMS 0x0000000089700000, 0x0000000089800000| Untracked 
| 152|0x0000000089800000, 0x0000000089900000, 0x0000000089900000|100%| O|  |TAMS 0x0000000089800000, 0x0000000089900000| Untracked 
| 153|0x0000000089900000, 0x0000000089a00000, 0x0000000089a00000|100%| O|  |TAMS 0x0000000089900000, 0x0000000089a00000| Untracked 
| 154|0x0000000089a00000, 0x0000000089b00000, 0x0000000089b00000|100%| O|  |TAMS 0x0000000089a00000, 0x0000000089b00000| Untracked 
| 155|0x0000000089b00000, 0x0000000089c00000, 0x0000000089c00000|100%| O|  |TAMS 0x0000000089b00000, 0x0000000089c00000| Untracked 
| 156|0x0000000089c00000, 0x0000000089d00000, 0x0000000089d00000|100%| O|  |TAMS 0x0000000089c00000, 0x0000000089d00000| Untracked 
| 157|0x0000000089d00000, 0x0000000089e00000, 0x0000000089e00000|100%| O|  |TAMS 0x0000000089d00000, 0x0000000089e00000| Untracked 
| 158|0x0000000089e00000, 0x0000000089f00000, 0x0000000089f00000|100%| O|  |TAMS 0x0000000089e00000, 0x0000000089f00000| Untracked 
| 159|0x0000000089f00000, 0x000000008a000000, 0x000000008a000000|100%| O|  |TAMS 0x0000000089f00000, 0x000000008a000000| Untracked 
| 160|0x000000008a000000, 0x000000008a100000, 0x000000008a100000|100%| O|  |TAMS 0x000000008a000000, 0x000000008a100000| Untracked 
| 161|0x000000008a100000, 0x000000008a200000, 0x000000008a200000|100%| O|  |TAMS 0x000000008a100000, 0x000000008a200000| Untracked 
| 162|0x000000008a200000, 0x000000008a300000, 0x000000008a300000|100%| O|  |TAMS 0x000000008a200000, 0x000000008a300000| Untracked 
| 163|0x000000008a300000, 0x000000008a400000, 0x000000008a400000|100%| O|  |TAMS 0x000000008a300000, 0x000000008a400000| Untracked 
| 164|0x000000008a400000, 0x000000008a500000, 0x000000008a500000|100%| O|  |TAMS 0x000000008a400000, 0x000000008a500000| Untracked 
| 165|0x000000008a500000, 0x000000008a600000, 0x000000008a600000|100%| O|  |TAMS 0x000000008a500000, 0x000000008a600000| Untracked 
| 166|0x000000008a600000, 0x000000008a700000, 0x000000008a700000|100%| O|  |TAMS 0x000000008a600000, 0x000000008a700000| Untracked 
| 167|0x000000008a700000, 0x000000008a800000, 0x000000008a800000|100%| O|  |TAMS 0x000000008a700000, 0x000000008a800000| Untracked 
| 168|0x000000008a800000, 0x000000008a900000, 0x000000008a900000|100%| O|  |TAMS 0x000000008a800000, 0x000000008a900000| Untracked 
| 169|0x000000008a900000, 0x000000008aa00000, 0x000000008aa00000|100%| O|  |TAMS 0x000000008a900000, 0x000000008aa00000| Untracked 
| 170|0x000000008aa00000, 0x000000008ab00000, 0x000000008ab00000|100%| O|  |TAMS 0x000000008aa00000, 0x000000008ab00000| Untracked 
| 171|0x000000008ab00000, 0x000000008ac00000, 0x000000008ac00000|100%| O|  |TAMS 0x000000008ab00000, 0x000000008abf6e00| Untracked 
| 172|0x000000008ac00000, 0x000000008ad00000, 0x000000008ad00000|100%| O|  |TAMS 0x000000008ac00000, 0x000000008ac00000| Untracked 
| 173|0x000000008ad00000, 0x000000008ad00000, 0x000000008ae00000|  0%| F|  |TAMS 0x000000008ad00000, 0x000000008ad00000| Untracked 
| 174|0x000000008ae00000, 0x000000008af00000, 0x000000008af00000|100%| O|  |TAMS 0x000000008ae00000, 0x000000008ae00000| Untracked 
| 175|0x000000008af00000, 0x000000008b000000, 0x000000008b000000|100%| O|  |TAMS 0x000000008af00000, 0x000000008af00000| Untracked 
| 176|0x000000008b000000, 0x000000008b100000, 0x000000008b100000|100%| S|CS|TAMS 0x000000008b000000, 0x000000008b000000| Complete 
| 177|0x000000008b100000, 0x000000008b200000, 0x000000008b200000|100%| E|CS|TAMS 0x000000008b100000, 0x000000008b100000| Complete 
| 178|0x000000008b200000, 0x000000008b300000, 0x000000008b300000|100%| E|CS|TAMS 0x000000008b200000, 0x000000008b200000| Complete 
| 179|0x000000008b300000, 0x000000008b400000, 0x000000008b400000|100%| E|CS|TAMS 0x000000008b300000, 0x000000008b300000| Complete 
| 180|0x000000008b400000, 0x000000008b500000, 0x000000008b500000|100%| E|CS|TAMS 0x000000008b400000, 0x000000008b400000| Complete 
| 181|0x000000008b500000, 0x000000008b600000, 0x000000008b600000|100%| E|CS|TAMS 0x000000008b500000, 0x000000008b500000| Complete 
| 182|0x000000008b600000, 0x000000008b700000, 0x000000008b700000|100%| E|CS|TAMS 0x000000008b600000, 0x000000008b600000| Complete 
| 183|0x000000008b700000, 0x000000008b800000, 0x000000008b800000|100%| O|  |TAMS 0x000000008b700000, 0x000000008b700000| Untracked 
| 184|0x000000008b800000, 0x000000008b900000, 0x000000008b900000|100%| E|CS|TAMS 0x000000008b800000, 0x000000008b800000| Complete 
| 185|0x000000008b900000, 0x000000008ba00000, 0x000000008ba00000|100%| O|  |TAMS 0x000000008b900000, 0x000000008b900000| Untracked 
| 186|0x000000008ba00000, 0x000000008bb00000, 0x000000008bb00000|100%| O|  |TAMS 0x000000008ba00000, 0x000000008ba00000| Untracked 
| 187|0x000000008bb00000, 0x000000008bc00000, 0x000000008bc00000|100%| O|  |TAMS 0x000000008bb00000, 0x000000008bb00000| Untracked 
| 188|0x000000008bc00000, 0x000000008bd00000, 0x000000008bd00000|100%| O|  |TAMS 0x000000008bc00000, 0x000000008bc00000| Untracked 
| 189|0x000000008bd00000, 0x000000008be00000, 0x000000008be00000|100%| O|  |TAMS 0x000000008bd00000, 0x000000008bd00000| Untracked 
| 190|0x000000008be00000, 0x000000008bf00000, 0x000000008bf00000|100%| E|CS|TAMS 0x000000008be00000, 0x000000008be00000| Complete 
| 191|0x000000008bf00000, 0x000000008c000000, 0x000000008c000000|100%| O|  |TAMS 0x000000008bf00000, 0x000000008bf00000| Untracked 
| 192|0x000000008c000000, 0x000000008c100000, 0x000000008c100000|100%| O|  |TAMS 0x000000008c000000, 0x000000008c000000| Untracked 
| 193|0x000000008c100000, 0x000000008c200000, 0x000000008c200000|100%| O|  |TAMS 0x000000008c100000, 0x000000008c100000| Untracked 
| 194|0x000000008c200000, 0x000000008c300000, 0x000000008c300000|100%| O|  |TAMS 0x000000008c200000, 0x000000008c200000| Untracked 
| 195|0x000000008c300000, 0x000000008c400000, 0x000000008c400000|100%| O|  |TAMS 0x000000008c300000, 0x000000008c300000| Untracked 
| 196|0x000000008c400000, 0x000000008c500000, 0x000000008c500000|100%| S|CS|TAMS 0x000000008c400000, 0x000000008c400000| Complete 
| 197|0x000000008c500000, 0x000000008c600000, 0x000000008c600000|100%| O|  |TAMS 0x000000008c500000, 0x000000008c500000| Untracked 
| 198|0x000000008c600000, 0x000000008c700000, 0x000000008c700000|100%| O|  |TAMS 0x000000008c600000, 0x000000008c600000| Untracked 
| 199|0x000000008c700000, 0x000000008c7dec00, 0x000000008c800000| 87%| O|  |TAMS 0x000000008c700000, 0x000000008c700000| Untracked 

Card table byte_map: [0x000002761a760000,0x000002761ab60000] _byte_map_base: 0x000002761a360000

Marking Bits (Prev, Next): (CMBitMap*) 0x000002760757eae0, (CMBitMap*) 0x000002760757eaa8
 Prev Bits: [0x000002761cf60000, 0x000002761ef60000)
 Next Bits: [0x000002761af60000, 0x000002761cf60000)

Polling page: 0x00000276054f0000

Metaspace:

Usage:
  Non-class:     90.78 MB capacity,    89.22 MB ( 98%) used,     1.27 MB (  1%) free+waste,   293.44 KB ( <1%) overhead. 
      Class:     14.05 MB capacity,    13.14 MB ( 94%) used,   793.38 KB (  6%) free+waste,   131.63 KB ( <1%) overhead. 
       Both:    104.82 MB capacity,   102.37 MB ( 98%) used,     2.04 MB (  2%) free+waste,   425.06 KB ( <1%) overhead. 

Virtual space:
  Non-class space:       92.00 MB reserved,      91.25 MB (>99%) committed 
      Class space:        1.00 GB reserved,      14.32 MB (  1%) committed 
             Both:        1.09 GB reserved,     105.57 MB (  9%) committed 

Chunk freelists:
   Non-Class:  357.00 KB
       Class:  209.00 KB
        Both:  566.00 KB

MaxMetaspaceSize: 17179869184.00 GB
CompressedClassSpaceSize: 1.00 GB

CodeHeap 'non-profiled nmethods': size=120000Kb used=7905Kb max_used=7905Kb free=112094Kb
 bounds [0x0000027612b00000, 0x00000276132c0000, 0x000002761a030000]
CodeHeap 'profiled nmethods': size=120000Kb used=26536Kb max_used=26536Kb free=93464Kb
 bounds [0x000002760b5d0000, 0x000002760cfc0000, 0x0000027612b00000]
CodeHeap 'non-nmethods': size=5760Kb used=2339Kb max_used=2375Kb free=3420Kb
 bounds [0x000002760b030000, 0x000002760b2a0000, 0x000002760b5d0000]
 total_blobs=13073 nmethods=12122 adapters=862
 compilation: enabled
              stopped_count=0, restarted_count=0
 full_count=0

Compilation events (20 events):
Event: 60.069 Thread 0x00000276219c7000 12176       3       android.databinding.tool.store.SetterStore$MultiValueAdapterKey::compareTo (248 bytes)
Event: 60.072 Thread 0x00000276219c7000 nmethod 12176 0x000002760cfac010 code [0x000002760cfac420, 0x000002760cfae728]
Event: 60.072 Thread 0x00000276219c7000 12175       3       android.databinding.tool.store.SetterStore$MultiValueAdapterKey::compareTo (9 bytes)
Event: 60.073 Thread 0x00000276219c7000 nmethod 12175 0x000002760cfaf010 code [0x000002760cfaf1e0, 0x000002760cfaf3e8]
Event: 60.073 Thread 0x00000276219c7000 12179       3       java.util.Map::putIfAbsent (23 bytes)
Event: 60.073 Thread 0x00000276219c7000 nmethod 12179 0x000002760cfaf490 code [0x000002760cfaf660, 0x000002760cfaf938]
Event: 60.073 Thread 0x00000276219c7000 12177       3       kotlin.text.StringsKt__StringsJVMKt::startsWith$default (15 bytes)
Event: 60.073 Thread 0x00000276219c7000 nmethod 12177 0x000002760cfafa10 code [0x000002760cfafbc0, 0x000002760cfafd08]
Event: 60.073 Thread 0x00000276219c7000 12178       3       kotlin.text.StringsKt__StringsJVMKt::startsWith (37 bytes)
Event: 60.075 Thread 0x00000276219c7000 nmethod 12178 0x000002760cfafe10 code [0x000002760cfb00e0, 0x000002760cfb0d38]
Event: 60.075 Thread 0x00000276219c7000 12169       3       com.google.gson.internal.$Gson$Preconditions::checkNotNull (14 bytes)
Event: 60.075 Thread 0x00000276219c7000 nmethod 12169 0x000002760cfb1210 code [0x000002760cfb13e0, 0x000002760cfb15a8]
Event: 60.075 Thread 0x00000276219c7000 12170       3       com.google.gson.internal.Excluder::excludeClassInStrategy (64 bytes)
Event: 60.076 Thread 0x00000276219c7000 nmethod 12170 0x000002760cfb1690 code [0x000002760cfb18a0, 0x000002760cfb1e78]
Event: 60.076 Thread 0x00000276219c7000 12171       3       com.google.gson.internal.$Gson$Types::getGenericSupertype (135 bytes)
Event: 60.078 Thread 0x00000276219c7000 nmethod 12171 0x000002760cfb2010 code [0x000002760cfb24c0, 0x000002760cfb45f8]
Event: 60.078 Thread 0x00000276219c7000 12168       3       com.google.gson.TypeAdapter::<init> (5 bytes)
Event: 60.079 Thread 0x00000276219c7000 nmethod 12168 0x000002760cfb5110 code [0x000002760cfb52c0, 0x000002760cfb5418]
Event: 60.090 Thread 0x00000276219c7000 12180       3       org.apache.xerces.dom.DeferredDocumentImpl::ensureCapacity (358 bytes)
Event: 60.093 Thread 0x00000276219c7000 nmethod 12180 0x000002760cfb5510 code [0x000002760cfb59c0, 0x000002760cfb92c8]

GC Heap History (20 events):
Event: 57.981 GC heap before
{Heap before GC invocations=28 (full 0):
 garbage-first heap   total 187392K, used 145874K [0x0000000080000000, 0x0000000100000000)
  region size 1024K, 40 young (40960K), 9 survivors (9216K)
 Metaspace       used 103898K, capacity 106622K, committed 106700K, reserved 1140736K
  class space    used 13456K, capacity 14476K, committed 14540K, reserved 1048576K
}
Event: 58.011 GC heap after
{Heap after GC invocations=29 (full 0):
 garbage-first heap   total 187392K, used 138931K [0x0000000080000000, 0x0000000100000000)
  region size 1024K, 5 young (5120K), 5 survivors (5120K)
 Metaspace       used 103898K, capacity 106622K, committed 106700K, reserved 1140736K
  class space    used 13456K, capacity 14476K, committed 14540K, reserved 1048576K
}
Event: 58.638 GC heap before
{Heap before GC invocations=30 (full 0):
 garbage-first heap   total 187392K, used 150195K [0x0000000080000000, 0x0000000100000000)
  region size 1024K, 16 young (16384K), 5 survivors (5120K)
 Metaspace       used 104312K, capacity 106852K, committed 107596K, reserved 1142784K
  class space    used 13422K, capacity 14371K, committed 14668K, reserved 1048576K
}
Event: 58.654 GC heap after
{Heap after GC invocations=31 (full 0):
 garbage-first heap   total 187392K, used 145408K [0x0000000080000000, 0x0000000100000000)
  region size 1024K, 2 young (2048K), 2 survivors (2048K)
 Metaspace       used 104312K, capacity 106852K, committed 107596K, reserved 1142784K
  class space    used 13422K, capacity 14371K, committed 14668K, reserved 1048576K
}
Event: 59.198 GC heap before
{Heap before GC invocations=31 (full 0):
 garbage-first heap   total 187392K, used 154624K [0x0000000080000000, 0x0000000100000000)
  region size 1024K, 11 young (11264K), 2 survivors (2048K)
 Metaspace       used 104788K, capacity 107338K, committed 108108K, reserved 1142784K
  class space    used 13458K, capacity 14383K, committed 14668K, reserved 1048576K
}
Event: 59.206 GC heap after
{Heap after GC invocations=32 (full 0):
 garbage-first heap   total 187392K, used 151552K [0x0000000080000000, 0x0000000100000000)
  region size 1024K, 2 young (2048K), 2 survivors (2048K)
 Metaspace       used 104788K, capacity 107338K, committed 108108K, reserved 1142784K
  class space    used 13458K, capacity 14383K, committed 14668K, reserved 1048576K
}
Event: 59.498 GC heap before
{Heap before GC invocations=32 (full 0):
 garbage-first heap   total 187392K, used 158720K [0x0000000080000000, 0x0000000100000000)
  region size 1024K, 9 young (9216K), 2 survivors (2048K)
 Metaspace       used 104788K, capacity 107338K, committed 108108K, reserved 1142784K
  class space    used 13458K, capacity 14383K, committed 14668K, reserved 1048576K
}
Event: 59.504 GC heap after
{Heap after GC invocations=33 (full 0):
 garbage-first heap   total 187392K, used 159052K [0x0000000080000000, 0x0000000100000000)
  region size 1024K, 2 young (2048K), 2 survivors (2048K)
 Metaspace       used 104788K, capacity 107338K, committed 108108K, reserved 1142784K
  class space    used 13458K, capacity 14383K, committed 14668K, reserved 1048576K
}
Event: 59.731 GC heap before
{Heap before GC invocations=34 (full 0):
 garbage-first heap   total 187392K, used 166220K [0x0000000080000000, 0x0000000100000000)
  region size 1024K, 9 young (9216K), 2 survivors (2048K)
 Metaspace       used 104788K, capacity 107338K, committed 108108K, reserved 1142784K
  class space    used 13458K, capacity 14383K, committed 14668K, reserved 1048576K
}
Event: 59.738 GC heap after
{Heap after GC invocations=35 (full 0):
 garbage-first heap   total 187392K, used 166734K [0x0000000080000000, 0x0000000100000000)
  region size 1024K, 2 young (2048K), 2 survivors (2048K)
 Metaspace       used 104788K, capacity 107338K, committed 108108K, reserved 1142784K
  class space    used 13458K, capacity 14383K, committed 14668K, reserved 1048576K
}
Event: 59.801 GC heap before
{Heap before GC invocations=35 (full 0):
 garbage-first heap   total 187392K, used 172878K [0x0000000080000000, 0x0000000100000000)
  region size 1024K, 9 young (9216K), 2 survivors (2048K)
 Metaspace       used 104788K, capacity 107338K, committed 108108K, reserved 1142784K
  class space    used 13458K, capacity 14383K, committed 14668K, reserved 1048576K
}
Event: 59.812 GC heap after
{Heap after GC invocations=36 (full 0):
 garbage-first heap   total 187392K, used 172032K [0x0000000080000000, 0x0000000100000000)
  region size 1024K, 2 young (2048K), 2 survivors (2048K)
 Metaspace       used 104788K, capacity 107338K, committed 108108K, reserved 1142784K
  class space    used 13458K, capacity 14383K, committed 14668K, reserved 1048576K
}
Event: 59.856 GC heap before
{Heap before GC invocations=36 (full 0):
 garbage-first heap   total 187392K, used 179200K [0x0000000080000000, 0x0000000100000000)
  region size 1024K, 9 young (9216K), 2 survivors (2048K)
 Metaspace       used 104788K, capacity 107338K, committed 108108K, reserved 1142784K
  class space    used 13458K, capacity 14383K, committed 14668K, reserved 1048576K
}
Event: 59.867 GC heap after
{Heap after GC invocations=37 (full 0):
 garbage-first heap   total 187392K, used 178139K [0x0000000080000000, 0x0000000100000000)
  region size 1024K, 2 young (2048K), 2 survivors (2048K)
 Metaspace       used 104788K, capacity 107338K, committed 108108K, reserved 1142784K
  class space    used 13458K, capacity 14383K, committed 14668K, reserved 1048576K
}
Event: 59.916 GC heap before
{Heap before GC invocations=37 (full 0):
 garbage-first heap   total 187392K, used 185307K [0x0000000080000000, 0x0000000100000000)
  region size 1024K, 9 young (9216K), 2 survivors (2048K)
 Metaspace       used 104788K, capacity 107338K, committed 108108K, reserved 1142784K
  class space    used 13458K, capacity 14383K, committed 14668K, reserved 1048576K
}
Event: 59.926 GC heap after
{Heap after GC invocations=38 (full 0):
 garbage-first heap   total 193536K, used 183962K [0x0000000080000000, 0x0000000100000000)
  region size 1024K, 2 young (2048K), 2 survivors (2048K)
 Metaspace       used 104788K, capacity 107338K, committed 108108K, reserved 1142784K
  class space    used 13458K, capacity 14383K, committed 14668K, reserved 1048576K
}
Event: 59.954 GC heap before
{Heap before GC invocations=38 (full 0):
 garbage-first heap   total 193536K, used 191130K [0x0000000080000000, 0x0000000100000000)
  region size 1024K, 9 young (9216K), 2 survivors (2048K)
 Metaspace       used 104788K, capacity 107338K, committed 108108K, reserved 1142784K
  class space    used 13458K, capacity 14383K, committed 14668K, reserved 1048576K
}
Event: 59.963 GC heap after
{Heap after GC invocations=39 (full 0):
 garbage-first heap   total 199680K, used 189703K [0x0000000080000000, 0x0000000100000000)
  region size 1024K, 2 young (2048K), 2 survivors (2048K)
 Metaspace       used 104788K, capacity 107338K, committed 108108K, reserved 1142784K
  class space    used 13458K, capacity 14383K, committed 14668K, reserved 1048576K
}
Event: 59.995 GC heap before
{Heap before GC invocations=39 (full 0):
 garbage-first heap   total 199680K, used 196871K [0x0000000080000000, 0x0000000100000000)
  region size 1024K, 9 young (9216K), 2 survivors (2048K)
 Metaspace       used 104788K, capacity 107338K, committed 108108K, reserved 1142784K
  class space    used 13458K, capacity 14383K, committed 14668K, reserved 1048576K
}
Event: 60.004 GC heap after
{Heap after GC invocations=40 (full 0):
 garbage-first heap   total 204800K, used 195451K [0x0000000080000000, 0x0000000100000000)
  region size 1024K, 2 young (2048K), 2 survivors (2048K)
 Metaspace       used 104788K, capacity 107338K, committed 108108K, reserved 1142784K
  class space    used 13458K, capacity 14383K, committed 14668K, reserved 1048576K
}

Deoptimization events (20 events):
Event: 59.519 Thread 0x0000027628d44800 DEOPT PACKING pc=0x000002760cf7d978 sp=0x000000f908cf8750
Event: 59.519 Thread 0x0000027628d44800 DEOPT UNPACKING pc=0x000002760b058ede sp=0x000000f908cf7c70 mode 0
Event: 59.519 Thread 0x0000027628d44800 DEOPT PACKING pc=0x000002760cf7d978 sp=0x000000f908cf86f0
Event: 59.519 Thread 0x0000027628d44800 DEOPT UNPACKING pc=0x000002760b058ede sp=0x000000f908cf7c10 mode 0
Event: 59.520 Thread 0x0000027628d44800 DEOPT PACKING pc=0x000002760cf7d978 sp=0x000000f908cf8750
Event: 59.520 Thread 0x0000027628d44800 DEOPT UNPACKING pc=0x000002760b058ede sp=0x000000f908cf7c70 mode 0
Event: 59.520 Thread 0x0000027628d44800 DEOPT PACKING pc=0x000002760cf7d978 sp=0x000000f908cf8630
Event: 59.520 Thread 0x0000027628d44800 DEOPT UNPACKING pc=0x000002760b058ede sp=0x000000f908cf7b50 mode 0
Event: 59.521 Thread 0x0000027628d44800 DEOPT PACKING pc=0x000002760cf7d978 sp=0x000000f908cf86f0
Event: 59.521 Thread 0x0000027628d44800 DEOPT UNPACKING pc=0x000002760b058ede sp=0x000000f908cf7c10 mode 0
Event: 60.089 Thread 0x0000027628d44800 Uncommon trap: trap_request=0xffffff4d fr.pc=0x00000276132b100c relative=0x0000000000002e2c
Event: 60.089 Thread 0x0000027628d44800 Uncommon trap: reason=unstable_if action=reinterpret pc=0x00000276132b100c method=org.apache.xerces.dom.DeferredDocumentImpl.ensureCapacity(I)V @ 4 c2
Event: 60.089 Thread 0x0000027628d44800 DEOPT PACKING pc=0x00000276132b100c sp=0x000000f908cf8890
Event: 60.089 Thread 0x0000027628d44800 DEOPT UNPACKING pc=0x000002760b0383af sp=0x000000f908cf8858 mode 2
Event: 60.089 Thread 0x0000027628d44800 Uncommon trap: trap_request=0xffffffde fr.pc=0x00000276132709c0 relative=0x0000000000003300
Event: 60.089 Thread 0x0000027628d44800 Uncommon trap: reason=class_check action=maybe_recompile pc=0x00000276132709c0 method=org.apache.xerces.impl.XMLDocumentFragmentScannerImpl.scanStartElement()Z @ 309 c2
Event: 60.089 Thread 0x0000027628d44800 DEOPT PACKING pc=0x00000276132709c0 sp=0x000000f908cf8900
Event: 60.089 Thread 0x0000027628d44800 DEOPT UNPACKING pc=0x000002760b0383af sp=0x000000f908cf88e8 mode 2
Event: 60.095 Thread 0x0000027628d44800 DEOPT PACKING pc=0x000002760cecb120 sp=0x000000f908cf8a20
Event: 60.095 Thread 0x0000027628d44800 DEOPT UNPACKING pc=0x000002760b058ede sp=0x000000f908cf7fe8 mode 0

Classes redefined (0 events):
No events

Internal exceptions (20 events):
Event: 58.843 Thread 0x0000027628d44800 Exception <a 'sun/nio/fs/WindowsException'{0x000000008b472460}> (0x000000008b472460) thrown at [./src/hotspot/share/prims/jni.cpp, line 615]
Event: 58.843 Thread 0x0000027628d44800 Exception <a 'sun/nio/fs/WindowsException'{0x000000008b4725d0}> (0x000000008b4725d0) thrown at [./src/hotspot/share/prims/jni.cpp, line 615]
Event: 58.879 Thread 0x0000027628d44800 Exception <a 'sun/nio/fs/WindowsException'{0x000000008b33f080}> (0x000000008b33f080) thrown at [./src/hotspot/share/prims/jni.cpp, line 615]
Event: 58.879 Thread 0x0000027628d44800 Exception <a 'sun/nio/fs/WindowsException'{0x000000008b33f1f0}> (0x000000008b33f1f0) thrown at [./src/hotspot/share/prims/jni.cpp, line 615]
Event: 58.879 Thread 0x0000027628d44800 Exception <a 'sun/nio/fs/WindowsException'{0x000000008b3421e0}> (0x000000008b3421e0) thrown at [./src/hotspot/share/prims/jni.cpp, line 615]
Event: 58.879 Thread 0x0000027628d44800 Exception <a 'sun/nio/fs/WindowsException'{0x000000008b342360}> (0x000000008b342360) thrown at [./src/hotspot/share/prims/jni.cpp, line 615]
Event: 58.887 Thread 0x0000027628d44800 Exception <a 'sun/nio/fs/WindowsException'{0x000000008b395e38}> (0x000000008b395e38) thrown at [./src/hotspot/share/prims/jni.cpp, line 615]
Event: 58.887 Thread 0x0000027628d44800 Exception <a 'sun/nio/fs/WindowsException'{0x000000008b395f88}> (0x000000008b395f88) thrown at [./src/hotspot/share/prims/jni.cpp, line 615]
Event: 58.887 Thread 0x0000027628d44800 Exception <a 'sun/nio/fs/WindowsException'{0x000000008b3989b8}> (0x000000008b3989b8) thrown at [./src/hotspot/share/prims/jni.cpp, line 615]
Event: 58.887 Thread 0x0000027628d44800 Exception <a 'sun/nio/fs/WindowsException'{0x000000008b398b18}> (0x000000008b398b18) thrown at [./src/hotspot/share/prims/jni.cpp, line 615]
Event: 58.895 Thread 0x0000027628d44800 Exception <a 'sun/nio/fs/WindowsException'{0x000000008b21aaf0}> (0x000000008b21aaf0) thrown at [./src/hotspot/share/prims/jni.cpp, line 615]
Event: 58.895 Thread 0x0000027628d44800 Exception <a 'sun/nio/fs/WindowsException'{0x000000008b21ac48}> (0x000000008b21ac48) thrown at [./src/hotspot/share/prims/jni.cpp, line 615]
Event: 58.896 Thread 0x0000027628d44800 Exception <a 'sun/nio/fs/WindowsException'{0x000000008b21d6a8}> (0x000000008b21d6a8) thrown at [./src/hotspot/share/prims/jni.cpp, line 615]
Event: 58.896 Thread 0x0000027628d44800 Exception <a 'sun/nio/fs/WindowsException'{0x000000008b21d810}> (0x000000008b21d810) thrown at [./src/hotspot/share/prims/jni.cpp, line 615]
Event: 58.957 Thread 0x0000027628d44800 Implicit null exception at 0x000002761329fdd6 to 0x00000276132a0518
Event: 58.958 Thread 0x0000027628d44800 Exception <a 'sun/nio/fs/WindowsException'{0x000000008b284de8}> (0x000000008b284de8) thrown at [./src/hotspot/share/prims/jni.cpp, line 615]
Event: 58.958 Thread 0x0000027628d44800 Exception <a 'sun/nio/fs/WindowsException'{0x000000008b284f50}> (0x000000008b284f50) thrown at [./src/hotspot/share/prims/jni.cpp, line 615]
Event: 58.959 Thread 0x0000027628d44800 Exception <a 'sun/nio/fs/WindowsException'{0x000000008b2879f0}> (0x000000008b2879f0) thrown at [./src/hotspot/share/prims/jni.cpp, line 615]
Event: 58.959 Thread 0x0000027628d44800 Exception <a 'sun/nio/fs/WindowsException'{0x000000008b287b70}> (0x000000008b287b70) thrown at [./src/hotspot/share/prims/jni.cpp, line 615]
Event: 60.088 Thread 0x0000027628d44800 Implicit null exception at 0x00000276132ae215 to 0x00000276132b0ff2

Events (20 events):
Event: 59.197 Executing VM operation: G1CollectForAllocation
Event: 59.206 Executing VM operation: G1CollectForAllocation done
Event: 59.458 Executing VM operation: CGC_Operation
Event: 59.476 Executing VM operation: CGC_Operation done
Event: 59.497 Executing VM operation: G1CollectForAllocation
Event: 59.504 Executing VM operation: G1CollectForAllocation done
Event: 59.610 Executing VM operation: CGC_Operation
Event: 59.612 Executing VM operation: CGC_Operation done
Event: 59.731 Executing VM operation: G1CollectForAllocation
Event: 59.738 Executing VM operation: G1CollectForAllocation done
Event: 59.801 Executing VM operation: G1CollectForAllocation
Event: 59.812 Executing VM operation: G1CollectForAllocation done
Event: 59.856 Executing VM operation: G1CollectForAllocation
Event: 59.867 Executing VM operation: G1CollectForAllocation done
Event: 59.916 Executing VM operation: G1CollectForAllocation
Event: 59.926 Executing VM operation: G1CollectForAllocation done
Event: 59.954 Executing VM operation: G1CollectForAllocation
Event: 59.963 Executing VM operation: G1CollectForAllocation done
Event: 59.994 Executing VM operation: G1CollectForAllocation
Event: 60.004 Executing VM operation: G1CollectForAllocation done


Dynamic libraries:
0x00007ff6be0b0000 - 0x00007ff6be0ba000 	C:\Program Files\Android\Android Studio\jre\bin\java.exe
0x00007ffda14d0000 - 0x00007ffda16c5000 	C:\WINDOWS\SYSTEM32\ntdll.dll
0x00007ffda07b0000 - 0x00007ffda086e000 	C:\WINDOWS\System32\KERNEL32.DLL
0x00007ffd9eda0000 - 0x00007ffd9f069000 	C:\WINDOWS\System32\KERNELBASE.dll
0x00007ffd9f420000 - 0x00007ffd9f520000 	C:\WINDOWS\System32\ucrtbase.dll
0x00007ffd501f0000 - 0x00007ffd50207000 	C:\Program Files\Android\Android Studio\jre\bin\VCRUNTIME140.dll
0x00007ffd501d0000 - 0x00007ffd501e9000 	C:\Program Files\Android\Android Studio\jre\bin\jli.dll
0x00007ffda0b90000 - 0x00007ffda0d31000 	C:\WINDOWS\System32\USER32.dll
0x00007ffd9f1f0000 - 0x00007ffd9f212000 	C:\WINDOWS\System32\win32u.dll
0x00007ffd9e100000 - 0x00007ffd9e39a000 	C:\WINDOWS\WinSxS\amd64_microsoft.windows.common-controls_6595b64144ccf1df_6.0.19041.1110_none_60b5254171f9507e\COMCTL32.dll
0x00007ffda0600000 - 0x00007ffda069e000 	C:\WINDOWS\System32\msvcrt.dll
0x00007ffda0700000 - 0x00007ffda072b000 	C:\WINDOWS\System32\GDI32.dll
0x00007ffd9f220000 - 0x00007ffd9f32b000 	C:\WINDOWS\System32\gdi32full.dll
0x00007ffd9f120000 - 0x00007ffd9f1bd000 	C:\WINDOWS\System32\msvcp_win.dll
0x00007ffd9fc00000 - 0x00007ffd9fc30000 	C:\WINDOWS\System32\IMM32.DLL
0x00007ffd4ed20000 - 0x00007ffd4edbd000 	C:\Program Files\Android\Android Studio\jre\bin\msvcp140.dll
0x00007ffd4b170000 - 0x00007ffd4bc3f000 	C:\Program Files\Android\Android Studio\jre\bin\server\jvm.dll
0x00007ffd9ff90000 - 0x00007ffda003c000 	C:\WINDOWS\System32\ADVAPI32.dll
0x00007ffd9f520000 - 0x00007ffd9f5bb000 	C:\WINDOWS\System32\sechost.dll
0x00007ffda0260000 - 0x00007ffda038a000 	C:\WINDOWS\System32\RPCRT4.dll
0x00007ffda1480000 - 0x00007ffda1488000 	C:\WINDOWS\System32\PSAPI.DLL
0x00007ffd86590000 - 0x00007ffd865b7000 	C:\WINDOWS\SYSTEM32\WINMM.dll
0x00007ffd9c950000 - 0x00007ffd9c95a000 	C:\WINDOWS\SYSTEM32\VERSION.dll
0x00007ffd86370000 - 0x00007ffd86379000 	C:\WINDOWS\SYSTEM32\WSOCK32.dll
0x00007ffda0590000 - 0x00007ffda05fb000 	C:\WINDOWS\System32\WS2_32.dll
0x00007ffd9c630000 - 0x00007ffd9c642000 	C:\WINDOWS\SYSTEM32\kernel.appcore.dll
0x00007ffd925d0000 - 0x00007ffd925e1000 	C:\Program Files\Android\Android Studio\jre\bin\verify.dll
0x00007ffd9e570000 - 0x00007ffd9e754000 	C:\WINDOWS\SYSTEM32\DBGHELP.DLL
0x00007ffd9e540000 - 0x00007ffd9e56c000 	C:\WINDOWS\SYSTEM32\dbgcore.DLL
0x00007ffd9f390000 - 0x00007ffd9f413000 	C:\WINDOWS\System32\bcryptPrimitives.dll
0x00007ffd57c50000 - 0x00007ffd57c79000 	C:\Program Files\Android\Android Studio\jre\bin\java.dll
0x00007ffd9cde0000 - 0x00007ffd9cdeb000 	C:\Program Files\Android\Android Studio\jre\bin\jimage.dll
0x00007ffd71450000 - 0x00007ffd71468000 	C:\Program Files\Android\Android Studio\jre\bin\zip.dll
0x00007ffda0d40000 - 0x00007ffda147f000 	C:\WINDOWS\System32\SHELL32.dll
0x00007ffd9bea0000 - 0x00007ffd9c630000 	C:\WINDOWS\SYSTEM32\windows.storage.dll
0x00007ffd9fc30000 - 0x00007ffd9ff85000 	C:\WINDOWS\System32\combase.dll
0x00007ffd9deb0000 - 0x00007ffd9dedc000 	C:\WINDOWS\SYSTEM32\Wldp.dll
0x00007ffda0100000 - 0x00007ffda01ad000 	C:\WINDOWS\System32\SHCORE.dll
0x00007ffda0040000 - 0x00007ffda0095000 	C:\WINDOWS\System32\shlwapi.dll
0x00007ffd9eb30000 - 0x00007ffd9eb4f000 	C:\WINDOWS\SYSTEM32\profapi.dll
0x00007ffd61d80000 - 0x00007ffd61d9a000 	C:\Program Files\Android\Android Studio\jre\bin\net.dll
0x00007ffd98dc0000 - 0x00007ffd98ec8000 	C:\WINDOWS\SYSTEM32\WINHTTP.dll
0x00007ffd9dc50000 - 0x00007ffd9dcba000 	C:\WINDOWS\system32\mswsock.dll
0x00007ffd50f00000 - 0x00007ffd50f14000 	C:\Program Files\Android\Android Studio\jre\bin\nio.dll
0x00007ffd51fc0000 - 0x00007ffd51fe7000 	C:\Users\Dani1\.gradle\native\8bec1ad78214c89d9ad589b4d07fe93259594b29d510b10fafb7a158f7737e5d\windows-amd64\native-platform.dll
0x00007ffd4cf50000 - 0x00007ffd4d08d000 	C:\Users\Dani1\.gradle\native\53dbd7edfb1c66fb8903c78663c9afc45aea4f116125fa6feffd364cf09443e8\windows-amd64\native-platform-file-events.dll
0x00007ffd953e0000 - 0x00007ffd953ea000 	C:\Program Files\Android\Android Studio\jre\bin\management.dll
0x00007ffd92650000 - 0x00007ffd9265c000 	C:\Program Files\Android\Android Studio\jre\bin\management_ext.dll
0x00007ffd9e900000 - 0x00007ffd9e918000 	C:\WINDOWS\SYSTEM32\CRYPTSP.dll
0x00007ffd9d5f0000 - 0x00007ffd9d624000 	C:\WINDOWS\system32\rsaenh.dll
0x00007ffd9f1c0000 - 0x00007ffd9f1e7000 	C:\WINDOWS\System32\bcrypt.dll
0x00007ffd9eaf0000 - 0x00007ffd9eb1e000 	C:\WINDOWS\SYSTEM32\USERENV.dll
0x00007ffd9dea0000 - 0x00007ffd9deac000 	C:\WINDOWS\SYSTEM32\CRYPTBASE.dll
0x00007ffd9d940000 - 0x00007ffd9d97b000 	C:\WINDOWS\SYSTEM32\IPHLPAPI.DLL
0x00007ffda0390000 - 0x00007ffda0398000 	C:\WINDOWS\System32\NSI.dll
0x00007ffd96ac0000 - 0x00007ffd96ad7000 	C:\WINDOWS\SYSTEM32\dhcpcsvc6.DLL
0x00007ffd96aa0000 - 0x00007ffd96abd000 	C:\WINDOWS\SYSTEM32\dhcpcsvc.DLL
0x00007ffd9d980000 - 0x00007ffd9da4c000 	C:\WINDOWS\SYSTEM32\DNSAPI.dll
0x00007ffd4c6f0000 - 0x00007ffd4c70e000 	C:\Users\Dani1\AppData\Local\Temp\native-platform7234522321531357420dir\native-platform.dll
0x00007ffd6a790000 - 0x00007ffd6a798000 	C:\Program Files\Android\Android Studio\jre\bin\rmi.dll

dbghelp: loaded successfully - version: 4.0.5 - missing functions: none
symbol engine: initialized successfully - sym options: 0x614 - pdb path: .;C:\Program Files\Android\Android Studio\jre\bin;C:\WINDOWS\SYSTEM32;C:\WINDOWS\WinSxS\amd64_microsoft.windows.common-controls_6595b64144ccf1df_6.0.19041.1110_none_60b5254171f9507e;C:\Program Files\Android\Android Studio\jre\bin\server;C:\Users\Dani1\.gradle\native\8bec1ad78214c89d9ad589b4d07fe93259594b29d510b10fafb7a158f7737e5d\windows-amd64;C:\Users\Dani1\.gradle\native\53dbd7edfb1c66fb8903c78663c9afc45aea4f116125fa6feffd364cf09443e8\windows-amd64;C:\Users\Dani1\AppData\Local\Temp\native-platform7234522321531357420dir

VM Arguments:
jvm_args: --add-opens=java.base/java.util=ALL-UNNAMED --add-opens=java.base/java.lang=ALL-UNNAMED --add-opens=java.base/java.lang.invoke=ALL-UNNAMED --add-opens=java.base/java.util=ALL-UNNAMED --add-opens=java.prefs/java.util.prefs=ALL-UNNAMED --add-opens=java.prefs/java.util.prefs=ALL-UNNAMED --add-opens=java.base/java.nio.charset=ALL-UNNAMED --add-opens=java.base/java.net=ALL-UNNAMED --add-opens=java.base/java.util.concurrent.atomic=ALL-UNNAMED -Xmx2048m -Dfile.encoding=UTF-8 -Duser.country=IL -Duser.language=iw -Duser.variant 
java_command: org.gradle.launcher.daemon.bootstrap.GradleDaemon 7.0.2
java_class_path (initial): C:\Users\Dani1\.gradle\wrapper\dists\gradle-7.0.2-bin\857tjihv64xamwrf0h14cai3r\gradle-7.0.2\lib\gradle-launcher-7.0.2.jar
Launcher Type: SUN_STANDARD

[Global flags]
     intx CICompilerCount                          = 4                                         {product} {ergonomic}
     uint ConcGCThreads                            = 2                                         {product} {ergonomic}
     uint G1ConcRefinementThreads                  = 8                                         {product} {ergonomic}
   size_t G1HeapRegionSize                         = 1048576                                   {product} {ergonomic}
    uintx GCDrainStackTargetSize                   = 64                                        {product} {ergonomic}
   size_t InitialHeapSize                          = 132120576                                 {product} {ergonomic}
   size_t MarkStackSize                            = 4194304                                   {product} {ergonomic}
   size_t MaxHeapSize                              = 2147483648                                {product} {command line}
   size_t MaxNewSize                               = 1287651328                                {product} {ergonomic}
   size_t MinHeapDeltaBytes                        = 1048576                                   {product} {ergonomic}
    uintx NonNMethodCodeHeapSize                   = 5836300                                {pd product} {ergonomic}
    uintx NonProfiledCodeHeapSize                  = 122910970                              {pd product} {ergonomic}
    uintx ProfiledCodeHeapSize                     = 122910970                              {pd product} {ergonomic}
    uintx ReservedCodeCacheSize                    = 251658240                              {pd product} {ergonomic}
     bool SegmentedCodeCache                       = true                                      {product} {ergonomic}
     bool UseCompressedClassPointers               = true                                 {lp64_product} {ergonomic}
     bool UseCompressedOops                        = true                                 {lp64_product} {ergonomic}
     bool UseG1GC                                  = true                                      {product} {ergonomic}
     bool UseLargePagesIndividualAllocation        = false                                  {pd product} {ergonomic}

Logging:
Log output configuration:
 #0: stdout all=warning uptime,level,tags
 #1: stderr all=off uptime,level,tags

Environment Variables:
JAVA_HOME=C:\Program Files\Android\Android Studio\jre
PATH=C:\WINDOWS\system32;C:\WINDOWS;C:\WINDOWS\System32\Wbem;C:\WINDOWS\System32\WindowsPowerShell\v1.0\;C:\WINDOWS\System32\OpenSSH\;C:\Program Files\Microsoft SQL Server\130\Tools\Binn\;C:\Program Files\Microsoft SQL Server\Client SDK\ODBC\170\Tools\Binn\;C:\Program Files\dotnet\;C:\Program Files\nodejs\;C:\Program Files\Git\cmd;C:\Users\Dani1\AppData\Local\Microsoft\WindowsApps;C:\Users\Dani1\AppData\Local\Programs\Microsoft VS Code\bin;C:\Program Files\JetBrains\CLion 2020.2.4\bin;;C:\Users\Dani1\AppData\Local\atom\bin;C:\Users\Dani1\AppData\Local\Microsoft\WindowsApps;C:\Users\Dani1\.dotnet\tools;C:\Users\Dani1\AppData\Local\GitHubDesktop\bin;C:\Users\Dani1\AppData\Roaming\npm
USERNAME=Dani1
OS=Windows_NT
PROCESSOR_IDENTIFIER=Intel64 Family 6 Model 126 Stepping 5, GenuineIntel



---------------  S Y S T E M  ---------------

OS: Windows 10 , 64 bit Build 19041 (10.0.19041.1202)
OS uptime: 0 days 0:07 hours
Hyper-V role detected

CPU:total 8 (initial active 8) (4 cores per cpu, 2 threads per core) family 6 model 126 stepping 5 microcode 0xa6, cmov, cx8, fxsr, mmx, sse, sse2, sse3, ssse3, sse4.1, sse4.2, popcnt, avx, avx2, aes, clmul, erms, 3dnowpref, lzcnt, ht, tsc, tscinvbit, bmi1, bmi2, adx, evex, sha, fma

Memory: 4k page, system-wide physical 7967M (359M free)
TotalPageFile size 16159M (AvailPageFile size 8334M)
current process WorkingSet (physical memory assigned to process): 454M, peak: 464M
current process commit charge ("private bytes"): 526M, peak: 529M

vm_info: OpenJDK 64-Bit Server VM (11.0.10+0-b96-7249189) for windows-amd64 JRE (11.0.10+0-b96-7249189), built on Mar 31 2021 21:44:00 by "builder" with MS VC++ 14.0 (VS2015)

END.
